#
# A fatal error has been detected by the Java Runtime Environment:
#
#  SIGSEGV (0xb) at pc=0x00007f657c66fd7f, pid=330966, tid=331033
#
# JRE version: OpenJDK Runtime Environment Temurin-17.0.6+10 (17.0.6+10) (build 17.0.6+10)
# Java VM: OpenJDK 64-Bit Server VM Temurin-17.0.6+10 (17.0.6+10, mixed mode, tiered, compressed oops, compressed class ptrs, parallel gc, linux-amd64)
# Problematic frame:
# V  [libjvm.so+0xc6fd7f]  PSCardTable::scavenge_contents_parallel(ObjectStartArray*, MutableSpace*, HeapWordImpl**, PSPromotionManager*, unsigned int, unsigned int)+0x8af
#
# Core dump will be written. Default location: Core dumps may be processed with "/usr/lib/systemd/systemd-coredump %P %u %g %s %t %c %h" (or dumping to /home/xiongxin/Data/Code/playground/cpp/threads/core.330966)
#
# If you would like to submit a bug report, please visit:
#   https://github.com/adoptium/adoptium-support/issues
#

---------------  S U M M A R Y ------------

Command Line: --add-modules=ALL-SYSTEM --add-opens=java.base/java.util=ALL-UNNAMED --add-opens=java.base/java.lang=ALL-UNNAMED --add-opens=java.base/sun.nio.fs=ALL-UNNAMED -Declipse.application=org.eclipse.jdt.ls.core.id1 -Dosgi.bundles.defaultStartLevel=4 -Declipse.product=org.eclipse.jdt.ls.core.product -Djava.import.generatesMetadataFilesAtProjectRoot=false -Dfile.encoding=utf8 -XX:+UseParallelGC -XX:GCTimeRatio=4 -XX:AdaptiveSizePolicyWeight=90 -Dsun.zip.disableMemoryMapping=true -Xmx1G -Xms100m -Xlog:disable -javaagent:/home/xiongxin/.vscode/extensions/redhat.java-1.17.0-linux-x64/lombok/lombok-1.18.24.jar -XX:+HeapDumpOnOutOfMemoryError -XX:HeapDumpPath=/home/xiongxin/.config/Code/User/workspaceStorage/78628bc577497869d5224f7258448a48/redhat.java -Daether.dependencyCollector.impl=bf /home/xiongxin/.vscode/extensions/redhat.java-1.17.0-linux-x64/server/plugins/org.eclipse.equinox.launcher_1.6.400.v20210924-0641.jar -configuration /home/xiongxin/.config/Code/User/globalStorage/redhat.java/1.17.0/config_linux -data /home/xiongxin/.config/Code/User/workspaceStorage/78628bc577497869d5224f7258448a48/redhat.java/jdt_ws

Host: Intel(R) Core(TM) i7-8550U CPU @ 1.80GHz, 8 cores, 15G, Fedora release 37 (Thirty Seven)
Time: Wed Apr 26 15:30:57 2023 CST elapsed time: 9.295493 seconds (0d 0h 0m 9s)

---------------  T H R E A D  ---------------

Current thread (0x00007f65580057e0):  GCTaskThread "GC Thread#6" [stack: 0x00007f65419f6000,0x00007f6541af6000] [id=331033]

Stack: [0x00007f65419f6000,0x00007f6541af6000],  sp=0x00007f6541af4bf0,  free space=1018k
Native frames: (J=compiled Java code, j=interpreted, Vv=VM code, C=native code)
V  [libjvm.so+0xc6fd7f]  PSCardTable::scavenge_contents_parallel(ObjectStartArray*, MutableSpace*, HeapWordImpl**, PSPromotionManager*, unsigned int, unsigned int)+0x8af
V  [libjvm.so+0xc90cb0]  ScavengeRootsTask::work(unsigned int)+0x4c0
V  [libjvm.so+0xf118cf]  GangWorker::loop()+0x5f
V  [libjvm.so+0xf1192f]
V  [libjvm.so+0xe62020]  Thread::call_run()+0xc0
V  [libjvm.so+0xc187e1]  thread_native_entry(Thread*)+0xe1


siginfo: si_signo: 11 (SIGSEGV), si_code: 2 (SEGV_ACCERR), si_addr: 0x0000000100840bd8

Register to memory mapping:

RAX=0x00007f657ccb8320: <offset 0x00000000012b8320> in /home/xiongxin/.vscode/extensions/redhat.java-1.17.0-linux-x64/jre/17.0.6-linux-x86_64/lib/server/libjvm.so at 0x00007f657ba00000
RBX=
[error occurred during error reporting (printing register info), id 0xb, SIGSEGV (0xb) at pc=0x00007f657c63664c]

Registers:
RAX=0x00007f657ccb8320, RBX=0x00000000d09b8dd8, RCX=0x0000000000000003, RDX=0x0000000100840bd0
RSP=0x00007f6541af4bf0, RBP=0x00007f6541af4cc0, RSI=0x000000000000f2b2, RDI=0x0000000000000004
R8 =0x0000000000000010, R9 =0x00007f657bc8ba40, R10=0x00007f657ccff1cd, R11=0x00000000d09b8d00
R12=0x00007f65788adef2, R13=0x00000000d09b8e00, R14=0x0000000000000240, R15=0x00007f657cd1a5e0
RIP=0x00007f657c66fd7f, EFLAGS=0x0000000000010202, CSGSFS=0x002b000000000033, ERR=0x0000000000000004
  TRAPNO=0x000000000000000e

Top of Stack: (sp=0x00007f6541af4bf0)
0x00007f6541af4bf0:   00007f6541af4c70 00007f6574040ed0
0x00007f6541af4c00:   00007f6578829180 0000000000000180
0x00007f6541af4c10:   00007f6578829000 00000000d2836d88
0x00007f6541af4c20:   00007f65788add80 00007f65741d2d00 

Instructions: (pc=0x00007f657c66fd7f)
0x00007f657c66fc7f:   8d 46 ff f7 de 48 98 48 d3 e7 48 63 ce 4c 01 c0
0x00007f657c66fc8f:   48 01 f8 48 21 c8 48 c1 e8 03 48 98 49 8d 04 c6
0x00007f657c66fc9f:   48 39 c3 73 8c 48 8b 45 80 48 8b 75 a8 4d 89 e8
0x00007f657c66fcaf:   4d 89 f5 48 8b 5d a0 4c 39 f0 4c 0f 43 e8 48 89
0x00007f657c66fcbf:   d8 48 2b 46 40 48 8b 75 98 48 c1 e0 09 4c 89 6d
0x00007f657c66fccf:   80 49 89 f5 48 39 c6 72 11 48 8b b5 58 ff ff ff
0x00007f657c66fcdf:   48 39 c6 48 0f 46 c6 49 89 c5 48 8b 85 78 ff ff
0x00007f657c66fcef:   ff 48 8d 78 01 49 8d 44 24 ff 49 39 ff 49 0f 47
0x00007f657c66fcff:   ff 48 39 c3 48 0f 42 c3 48 39 c7 73 26 48 29 f8
0x00007f657c66fd0f:   be ff 00 00 00 4c 89 45 a0 48 89 c2 e8 20 26 5e
0x00007f657c66fd1f:   ff 4c 8d 15 a6 f4 68 00 4c 8b 45 a0 4c 8d 0d 0e
0x00007f657c66fd2f:   bd 61 ff 48 8d 05 67 91 64 00 4c 8b 30 45 85 f6
0x00007f657c66fd3f:   0f 84 4f 02 00 00 48 8b 45 80 49 39 c5 0f 86 7e
0x00007f657c66fd4f:   01 00 00 48 89 5d a0 4d 63 f6 48 89 c3 4c 8d 3d
0x00007f657c66fd5f:   7d a8 6a 00 4c 89 85 38 ff ff ff eb 6e 48 8d 05
0x00007f657c66fd6f:   ad 85 64 00 8b 53 08 8b 48 08 48 d3 e2 48 03 10
0x00007f657c66fd7f:   8b 4a 08 81 f9 ff ff ff bf 0f 86 b2 00 00 00 85
0x00007f657c66fd8f:   c9 0f 84 ca 01 00 00 bf 0c 00 00 00 48 8d 05 8a
0x00007f657c66fd9f:   8f 64 00 48 63 3c 3b 8b 10 89 c8 48 d3 e7 c1 f8
0x00007f657c66fdaf:   10 44 0f b6 c0 8d 42 ff f7 da 48 98 48 63 d2 4c
0x00007f657c66fdbf:   01 c0 48 01 f8 48 21 d0 48 c1 e8 03 48 98 48 8d
0x00007f657c66fdcf:   1c c3 49 39 dd 0f 86 e7 00 00 00 42 0f 18 0c 33
0x00007f657c66fddf:   41 80 3a 00 75 87 48 8b 53 08 8b 4a 08 81 f9 ff
0x00007f657c66fdef:   ff ff bf 76 4c 85 c9 0f 84 64 01 00 00 bf 10 00
0x00007f657c66fdff:   00 00 eb 98 49 8b 7e 08 e9 47 fe ff ff 48 8b 07
0x00007f657c66fe0f:   48 8b 88 00 01 00 00 4c 89 f0 4c 39 c9 0f 84 09
0x00007f657c66fe1f:   fe ff ff 4c 89 f6 ff d1 4c 8d 15 9f f3 68 00 4c
0x00007f657c66fe2f:   8d 0d 0b bc 61 ff 48 98 49 8d 04 c6 e9 eb fd ff
0x00007f657c66fe3f:   ff 48 8d 05 a1 ae 6a 00 48 8d 7d b0 48 89 de 48
0x00007f657c66fe4f:   8b 00 48 89 45 b8 48 8d 05 d4 03 5a 00 48 89 45
0x00007f657c66fe5f:   b0 48 8b 85 68 ff ff ff 48 89 45 c0 48 63 42 0c
0x00007f657c66fe6f:   41 ff 14 c7 4c 8d 15 53 f3 68 00 4c 8d 0d bf bb 


Stack slot to memory mapping:
stack at sp + 0 slots: 0x00007f6541af4c70 points into unknown readable memory: 0x00007f657cc10230 | 30 02 c1 7c 65 7f 00 00
stack at sp + 1 slots: 0x00007f6574040ed0 points into unknown readable memory: 0x0000000000000000 | 00 00 00 00 00 00 00 00
stack at sp + 2 slots: 0x00007f6578829180 points into unknown readable memory: 0xffffffffffffff00 | 00 ff ff ff ff ff ff ff
stack at sp + 3 slots: 0x0000000000000180 is an unknown value
stack at sp + 4 slots: 0x00007f6578829000 points into unknown readable memory: 0xffffffffffffff00 | 00 ff ff ff ff ff ff ff
stack at sp + 5 slots: 0x00000000d2836d88 is an oop: [I 
{0x00000000d2836d88} - klass: {type array int}
 - length: 1
stack at sp + 6 slots: 0x00007f65788add80 points into unknown readable memory: 0xffffffffffffffff | ff ff ff ff ff ff ff ff
stack at sp + 7 slots: 0x00007f65741d2d00 points into unknown readable memory: 0x00007f657ccaf348 | 48 f3 ca 7c 65 7f 00 00


---------------  P R O C E S S  ---------------

Threads class SMR info:
_java_thread_list=0x00007f64dc000b70, length=29, elements={
0x00007f6574027b60, 0x00007f65741e7770, 0x00007f65741e8ce0, 0x00007f65742106b0,
0x00007f6574213fa0, 0x00007f6574214f10, 0x00007f6574216560, 0x00007f6574217a10,
0x00007f6574220e40, 0x00007f65742b6e70, 0x00007f65743c5480, 0x00007f65744c4990,
0x00007f65745d3530, 0x00007f657460bd40, 0x00007f657460e840, 0x00007f64f0033810,
0x00007f64f028d5e0, 0x00007f64f031ecd0, 0x00007f64f0331780, 0x00007f64f0880860,
0x00007f6574678b90, 0x00007f65747f4e60, 0x00007f64d4007e70, 0x00007f64bc000ff0,
0x00007f64bc003040, 0x00007f64c85ff990, 0x00007f64c8600a90, 0x00007f64c8601840,
0x00007f64c00d29e0
}

Java Threads: ( => current thread )
  0x00007f6574027b60 JavaThread "main" [_thread_blocked, id=330968, stack(0x00007f657b820000,0x00007f657b920000)]
  0x00007f65741e7770 JavaThread "Reference Handler" daemon [_thread_blocked, id=330972, stack(0x00007f655cbec000,0x00007f655ccec000)]
  0x00007f65741e8ce0 JavaThread "Finalizer" daemon [_thread_blocked, id=330973, stack(0x00007f655caec000,0x00007f655cbec000)]
  0x00007f65742106b0 JavaThread "Signal Dispatcher" daemon [_thread_blocked, id=330984, stack(0x00007f655c9ec000,0x00007f655caec000)]
  0x00007f6574213fa0 JavaThread "Service Thread" daemon [_thread_blocked, id=330985, stack(0x00007f655c8ec000,0x00007f655c9ec000)]
  0x00007f6574214f10 JavaThread "Monitor Deflation Thread" daemon [_thread_blocked, id=330986, stack(0x00007f655c7ec000,0x00007f655c8ec000)]
  0x00007f6574216560 JavaThread "C2 CompilerThread0" daemon [_thread_blocked, id=330987, stack(0x00007f655c6ec000,0x00007f655c7ec000)]
  0x00007f6574217a10 JavaThread "C1 CompilerThread0" daemon [_thread_blocked, id=330988, stack(0x00007f655c5ec000,0x00007f655c6ec000)]
  0x00007f6574220e40 JavaThread "Sweeper thread" daemon [_thread_blocked, id=330989, stack(0x00007f655c4ec000,0x00007f655c5ec000)]
  0x00007f65742b6e70 JavaThread "Common-Cleaner" daemon [_thread_blocked, id=331009, stack(0x00007f655c3ec000,0x00007f655c4ec000)]
  0x00007f65743c5480 JavaThread "Notification Thread" daemon [_thread_blocked, id=331015, stack(0x00007f655c1ec000,0x00007f655c2ec000)]
  0x00007f65744c4990 JavaThread "process reaper" daemon [_thread_blocked, id=331021, stack(0x00007f6578051000,0x00007f6578073000)]
  0x00007f65745d3530 JavaThread "Active Thread: Equinox Container: 2f78c60f-3ceb-40d5-b2a8-221985f2103b" [_thread_blocked, id=331037, stack(0x00007f6542800000,0x00007f6542900000)]
  0x00007f657460bd40 JavaThread "Framework Event Dispatcher: Equinox Container: 2f78c60f-3ceb-40d5-b2a8-221985f2103b" daemon [_thread_blocked, id=331040, stack(0x00007f65418f4000,0x00007f65419f4000)]
  0x00007f657460e840 JavaThread "Start Level: Equinox Container: 2f78c60f-3ceb-40d5-b2a8-221985f2103b" daemon [_thread_blocked, id=331041, stack(0x00007f65417f4000,0x00007f65418f4000)]
  0x00007f64f0033810 JavaThread "SCR Component Actor" daemon [_thread_blocked, id=331043, stack(0x00007f65416f4000,0x00007f65417f4000)]
  0x00007f64f028d5e0 JavaThread "Worker-JM" [_thread_blocked, id=331050, stack(0x00007f65410fe000,0x00007f65411fe000)]
  0x00007f64f031ecd0 JavaThread "Worker-0" [_thread_blocked, id=331053, stack(0x00007f6540700000,0x00007f6540800000)]
  0x00007f64f0331780 JavaThread "Worker-1" [_thread_blocked, id=331054, stack(0x00007f6540600000,0x00007f6540700000)]
  0x00007f64f0880860 JavaThread "Java indexing" daemon [_thread_blocked, id=331057, stack(0x00007f6540500000,0x00007f6540600000)]
  0x00007f6574678b90 JavaThread "pool-2-thread-1" [_thread_blocked, id=331058, stack(0x00007f654022e000,0x00007f654032e000)]
  0x00007f65747f4e60 JavaThread "pool-1-thread-1" [_thread_in_native, id=331060, stack(0x00007f6540400000,0x00007f6540500000)]
  0x00007f64d4007e70 JavaThread "Worker-2" [_thread_blocked, id=331076, stack(0x00007f654012e000,0x00007f654022e000)]
  0x00007f64bc000ff0 JavaThread "Worker-3" [_thread_blocked, id=331079, stack(0x00007f654002e000,0x00007f654012e000)]
  0x00007f64bc003040 JavaThread "Worker-4: Java indexing... " [_thread_blocked, id=331086, stack(0x00007f64d2f00000,0x00007f64d3000000)]
  0x00007f64c85ff990 JavaThread "ForkJoinPool.commonPool-worker-1" daemon [_thread_blocked, id=331088, stack(0x00007f64d2d00000,0x00007f64d2e00000)]
  0x00007f64c8600a90 JavaThread "ForkJoinPool.commonPool-worker-2" daemon [_thread_blocked, id=331089, stack(0x00007f64d2e00000,0x00007f64d2f00000)]
  0x00007f64c8601840 JavaThread "ForkJoinPool.commonPool-worker-3" daemon [_thread_blocked, id=331091, stack(0x00007f64d2c00000,0x00007f64d2d00000)]
  0x00007f64c00d29e0 JavaThread "Keep-Alive-Timer" daemon [_thread_blocked, id=331098, stack(0x00007f64d2300000,0x00007f64d2400000)]

Other Threads:
  0x00007f65741d7b00 VMThread "VM Thread" [stack: 0x00007f655ccee000,0x00007f655cdee000] [id=330970]
  0x00007f6574072ae0 WatcherThread [stack: 0x00007f655c0ec000,0x00007f655c1ec000] [id=331016]
  0x00007f657403f6e0 GCTaskThread "GC Thread#0" [stack: 0x00007f6578729000,0x00007f6578829000] [id=330969]
  0x00007f6558001290 GCTaskThread "GC Thread#1" [stack: 0x00007f6541f00000,0x00007f6542000000] [id=331028]
  0x00007f6558003100 GCTaskThread "GC Thread#2" [stack: 0x00007f6541dfe000,0x00007f6541efe000] [id=331029]
  0x00007f6558003ab0 GCTaskThread "GC Thread#3" [stack: 0x00007f6541cfc000,0x00007f6541dfc000] [id=331030]
  0x00007f6558004460 GCTaskThread "GC Thread#4" [stack: 0x00007f6541bfa000,0x00007f6541cfa000] [id=331031]
  0x00007f6558004e10 GCTaskThread "GC Thread#5" [stack: 0x00007f6541af8000,0x00007f6541bf8000] [id=331032]
=>0x00007f65580057e0 GCTaskThread "GC Thread#6" [stack: 0x00007f65419f6000,0x00007f6541af6000] [id=331033]
  0x00007f6558006630 GCTaskThread "GC Thread#7" [stack: 0x00007f6541300000,0x00007f6541400000] [id=331044]

Threads with active compile tasks:

VM state: at safepoint (normal execution)

VM Mutex/Monitor currently owned by a thread:  ([mutex/lock_event])
[0x00007f6574024950] Threads_lock - owner thread: 0x00007f65741d7b00
[0x00007f6574025100] Heap_lock - owner thread: 0x00007f64f0880860

Heap address: 0x00000000c0000000, size: 1024 MB, Compressed Oops mode: 32-bit

CDS archive(s) not mapped
Compressed class space mapped at: 0x0000000100000000-0x0000000140000000, reserved size: 1073741824
Narrow klass base: 0x0000000000000000, Narrow klass shift: 3, Narrow klass range: 0x140000000

GC Precious Log:
 CPUs: 8 total, 8 available
 Memory: 15718M
 Large Page Support: Disabled
 NUMA Support: Disabled
 Compressed Oops: Enabled (32-bit)
 Alignments: Space 512K, Generation 512K, Heap 2M
 Heap Min Capacity: 100M
 Heap Initial Capacity: 100M
 Heap Max Capacity: 1G
 Pre-touch: Disabled
 Parallel Workers: 8

Heap:
 PSYoungGen      total 7168K, used 6723K [0x00000000eab00000, 0x00000000ebd80000, 0x0000000100000000)
  eden space 2560K, 100% used [0x00000000eab00000,0x00000000ead80000,0x00000000ead80000)
  from space 4608K, 90% used [0x00000000eb900000,0x00000000ebd10cf0,0x00000000ebd80000)
  to   space 5120K, 99% used [0x00000000eb380000,0x00000000eb87bb78,0x00000000eb880000)
 ParOldGen       total 325120K, used 304227K [0x00000000c0000000, 0x00000000d3d80000, 0x00000000eab00000)
  object space 325120K, 93% used [0x00000000c0000000,0x00000000d2918d88,0x00000000d3d80000)
 Metaspace       used 56632K, committed 57536K, reserved 1105920K
  class space    used 6293K, committed 6656K, reserved 1048576K

Card table byte_map: [0x00007f6578829000,0x00007f6578a2a000] _byte_map_base: 0x00007f6578229000

Marking Bits: (ParMarkBitMap*) 0x00007f657cd1a780
 Begin Bits: [0x00007f655e000000, 0x00007f655f000000)
 End Bits:   [0x00007f655f000000, 0x00007f6560000000)

Polling page: 0x00007f657cfe8000

Metaspace:

Usage:
  Non-class:     49.16 MB used.
      Class:      6.15 MB used.
       Both:     55.31 MB used.

Virtual space:
  Non-class space:       56.00 MB reserved,      49.69 MB ( 89%) committed,  7 nodes.
      Class space:        1.00 GB reserved,       6.50 MB ( <1%) committed,  1 nodes.
             Both:        1.05 GB reserved,      56.19 MB (  5%) committed. 

Chunk freelists:
   Non-Class:  1.84 MB
       Class:  1.33 MB
        Both:  3.17 MB

MaxMetaspaceSize: unlimited
CompressedClassSpaceSize: 1.00 GB
Initial GC threshold: 21.00 MB
Current GC threshold: 93.56 MB
CDS: off
MetaspaceReclaimPolicy: balanced
 - commit_granule_bytes: 65536.
 - commit_granule_words: 8192.
 - virtual_space_node_default_size: 1048576.
 - enlarge_chunks_in_place: 1.
 - new_chunks_are_fully_committed: 0.
 - uncommit_free_chunks: 1.
 - use_allocation_guard: 0.
 - handle_deallocations: 1.


Internal statistics:

num_allocs_failed_limit: 6.
num_arena_births: 398.
num_arena_deaths: 14.
num_vsnodes_births: 8.
num_vsnodes_deaths: 0.
num_space_committed: 899.
num_space_uncommitted: 0.
num_chunks_returned_to_freelist: 20.
num_chunks_taken_from_freelist: 2303.
num_chunk_merges: 10.
num_chunk_splits: 1500.
num_chunks_enlarged: 995.
num_purges: 2.
num_inconsistent_stats: 0.

CodeHeap 'non-profiled nmethods': size=120028Kb used=3778Kb max_used=3778Kb free=116249Kb
 bounds [0x00007f656cac9000, 0x00007f656ce89000, 0x00007f6574000000]
CodeHeap 'profiled nmethods': size=120028Kb used=9838Kb max_used=10841Kb free=110190Kb
 bounds [0x00007f6565000000, 0x00007f6565af0000, 0x00007f656c537000]
CodeHeap 'non-nmethods': size=5704Kb used=1325Kb max_used=1409Kb free=4378Kb
 bounds [0x00007f656c537000, 0x00007f656c7a7000, 0x00007f656cac9000]
 total_blobs=5825 nmethods=5166 adapters=573
 compilation: enabled
              stopped_count=0, restarted_count=0
 full_count=0

Compilation events (20 events):
Event: 8.647 Thread 0x00007f6574217a10 nmethod 6125 0x00007f6565527190 code [0x00007f6565527340, 0x00007f65655274d0]
Event: 8.649 Thread 0x00007f6574217a10 6128       3       org.eclipse.jdt.internal.core.index.DiskIndex::copyQueryResults (218 bytes)
Event: 8.650 Thread 0x00007f6574217a10 nmethod 6128 0x00007f6565491990 code [0x00007f6565491c20, 0x00007f6565492a30]
Event: 8.650 Thread 0x00007f6574216560 nmethod 6123 0x00007f656ce67f10 code [0x00007f656ce680c0, 0x00007f656ce68488]
Event: 8.650 Thread 0x00007f6574216560 6126       4       org.eclipse.jdt.internal.compiler.util.HashtableOfObject::get (68 bytes)
Event: 8.654 Thread 0x00007f6574216560 nmethod 6126 0x00007f656ce68710 code [0x00007f656ce688a0, 0x00007f656ce68d78]
Event: 8.654 Thread 0x00007f6574216560 6127       4       org.eclipse.jdt.internal.compiler.util.HashtableOfObject::rehash (84 bytes)
Event: 8.666 Thread 0x00007f6574216560 nmethod 6127 0x00007f656ce69010 code [0x00007f656ce69200, 0x00007f656ce69b28]
Event: 8.666 Thread 0x00007f6574216560 6131 %     4       org.eclipse.jdt.internal.core.index.DiskIndex::copyQueryResults @ 21 (218 bytes)
Event: 8.743 Thread 0x00007f6574216560 nmethod 6131% 0x00007f656ce6a090 code [0x00007f656ce6a380, 0x00007f656ce6d688]
Event: 8.743 Thread 0x00007f6574216560 6132 %     4       org.eclipse.jdt.internal.core.index.DiskIndex::copyQueryResults @ 104 (218 bytes)
Event: 8.826 Thread 0x00007f6574216560 nmethod 6132% 0x00007f656ce6ed90 code [0x00007f656ce6f080, 0x00007f656ce724c8]
Event: 8.826 Thread 0x00007f6574216560 6130       4       org.eclipse.jdt.internal.compiler.util.HashtableOfObject::put (113 bytes)
Event: 8.847 Thread 0x00007f6574216560 nmethod 6130 0x00007f656ce73c90 code [0x00007f656ce73ea0, 0x00007f656ce74e08]
Event: 8.847 Thread 0x00007f6574216560 6134       4       org.eclipse.jdt.internal.core.index.DiskIndex::copyQueryResults (218 bytes)
Event: 8.883 Thread 0x00007f6574216560 nmethod 6134 0x00007f656ce75610 code [0x00007f656ce75880, 0x00007f656ce77628]
Event: 8.883 Thread 0x00007f6574216560 6133       4       org.eclipse.jdt.internal.compiler.util.SimpleLookupTable::get (59 bytes)
Event: 8.892 Thread 0x00007f6574216560 nmethod 6133 0x00007f656ce78510 code [0x00007f656ce786c0, 0x00007f656ce78ea8]
Event: 8.892 Thread 0x00007f6574216560 6129       4       org.eclipse.jdt.internal.core.index.DiskIndex$IntList::add (67 bytes)
Event: 8.893 Thread 0x00007f6574216560 nmethod 6129 0x00007f656ce79290 code [0x00007f656ce79420, 0x00007f656ce79718]

GC Heap History (20 events):
Event: 8.335 GC heap after
{Heap after GC invocations=172 (full 8):
 PSYoungGen      total 13824K, used 3493K [0x00000000eab00000, 0x00000000ebc80000, 0x0000000100000000)
  eden space 10240K, 0% used [0x00000000eab00000,0x00000000eab00000,0x00000000eb500000)
  from space 3584K, 97% used [0x00000000eb900000,0x00000000ebc696f8,0x00000000ebc80000)
  to   space 3584K, 0% used [0x00000000eb580000,0x00000000eb580000,0x00000000eb900000)
 ParOldGen       total 265728K, used 261565K [0x00000000c0000000, 0x00000000d0380000, 0x00000000eab00000)
  object space 265728K, 98% used [0x00000000c0000000,0x00000000cff6f550,0x00000000d0380000)
 Metaspace       used 56614K, committed 57472K, reserved 1105920K
  class space    used 6292K, committed 6656K, reserved 1048576K
}
Event: 8.340 GC heap before
{Heap before GC invocations=173 (full 8):
 PSYoungGen      total 13824K, used 13733K [0x00000000eab00000, 0x00000000ebc80000, 0x0000000100000000)
  eden space 10240K, 100% used [0x00000000eab00000,0x00000000eb500000,0x00000000eb500000)
  from space 3584K, 97% used [0x00000000eb900000,0x00000000ebc696f8,0x00000000ebc80000)
  to   space 3584K, 0% used [0x00000000eb580000,0x00000000eb580000,0x00000000eb900000)
 ParOldGen       total 265728K, used 261565K [0x00000000c0000000, 0x00000000d0380000, 0x00000000eab00000)
  object space 265728K, 98% used [0x00000000c0000000,0x00000000cff6f550,0x00000000d0380000)
 Metaspace       used 56614K, committed 57472K, reserved 1105920K
  class space    used 6292K, committed 6656K, reserved 1048576K
}
Event: 8.342 GC heap after
{Heap after GC invocations=173 (full 8):
 PSYoungGen      total 14336K, used 3576K [0x00000000eab00000, 0x00000000ec780000, 0x0000000100000000)
  eden space 10752K, 0% used [0x00000000eab00000,0x00000000eab00000,0x00000000eb580000)
  from space 3584K, 99% used [0x00000000eb580000,0x00000000eb8fe390,0x00000000eb900000)
  to   space 8704K, 0% used [0x00000000ebf00000,0x00000000ebf00000,0x00000000ec780000)
 ParOldGen       total 265728K, used 265652K [0x00000000c0000000, 0x00000000d0380000, 0x00000000eab00000)
  object space 265728K, 99% used [0x00000000c0000000,0x00000000d036d2c8,0x00000000d0380000)
 Metaspace       used 56614K, committed 57472K, reserved 1105920K
  class space    used 6292K, committed 6656K, reserved 1048576K
}
Event: 8.342 GC heap before
{Heap before GC invocations=174 (full 9):
 PSYoungGen      total 14336K, used 3576K [0x00000000eab00000, 0x00000000ec780000, 0x0000000100000000)
  eden space 10752K, 0% used [0x00000000eab00000,0x00000000eab00000,0x00000000eb580000)
  from space 3584K, 99% used [0x00000000eb580000,0x00000000eb8fe390,0x00000000eb900000)
  to   space 8704K, 0% used [0x00000000ebf00000,0x00000000ebf00000,0x00000000ec780000)
 ParOldGen       total 265728K, used 265652K [0x00000000c0000000, 0x00000000d0380000, 0x00000000eab00000)
  object space 265728K, 99% used [0x00000000c0000000,0x00000000d036d2c8,0x00000000d0380000)
 Metaspace       used 56614K, committed 57472K, reserved 1105920K
  class space    used 6292K, committed 6656K, reserved 1048576K
}
Event: 8.536 GC heap after
{Heap after GC invocations=174 (full 9):
 PSYoungGen      total 14336K, used 1483K [0x00000000eab00000, 0x00000000ec880000, 0x0000000100000000)
  eden space 10752K, 0% used [0x00000000eab00000,0x00000000eab00000,0x00000000eb580000)
  from space 3584K, 41% used [0x00000000eb580000,0x00000000eb6f2fd0,0x00000000eb900000)
  to   space 8704K, 0% used [0x00000000ec000000,0x00000000ec000000,0x00000000ec880000)
 ParOldGen       total 325120K, used 265349K [0x00000000c0000000, 0x00000000d3d80000, 0x00000000eab00000)
  object space 325120K, 81% used [0x00000000c0000000,0x00000000d03216c8,0x00000000d3d80000)
 Metaspace       used 56614K, committed 57472K, reserved 1105920K
  class space    used 6292K, committed 6656K, reserved 1048576K
}
Event: 8.612 GC heap before
{Heap before GC invocations=175 (full 9):
 PSYoungGen      total 14336K, used 12235K [0x00000000eab00000, 0x00000000ec880000, 0x0000000100000000)
  eden space 10752K, 100% used [0x00000000eab00000,0x00000000eb580000,0x00000000eb580000)
  from space 3584K, 41% used [0x00000000eb580000,0x00000000eb6f2fd0,0x00000000eb900000)
  to   space 8704K, 0% used [0x00000000ec000000,0x00000000ec000000,0x00000000ec880000)
 ParOldGen       total 325120K, used 265349K [0x00000000c0000000, 0x00000000d3d80000, 0x00000000eab00000)
  object space 325120K, 81% used [0x00000000c0000000,0x00000000d03216c8,0x00000000d3d80000)
 Metaspace       used 56628K, committed 57536K, reserved 1105920K
  class space    used 6293K, committed 6656K, reserved 1048576K
}
Event: 8.628 GC heap after
{Heap after GC invocations=175 (full 9):
 PSYoungGen      total 15872K, used 3165K [0x00000000eab00000, 0x00000000ec380000, 0x0000000100000000)
  eden space 12288K, 0% used [0x00000000eab00000,0x00000000eab00000,0x00000000eb700000)
  from space 3584K, 88% used [0x00000000ec000000,0x00000000ec3174b8,0x00000000ec380000)
  to   space 5120K, 0% used [0x00000000eb980000,0x00000000eb980000,0x00000000ebe80000)
 ParOldGen       total 325120K, used 266858K [0x00000000c0000000, 0x00000000d3d80000, 0x00000000eab00000)
  object space 325120K, 82% used [0x00000000c0000000,0x00000000d049a858,0x00000000d3d80000)
 Metaspace       used 56628K, committed 57536K, reserved 1105920K
  class space    used 6293K, committed 6656K, reserved 1048576K
}
Event: 8.746 GC heap before
{Heap before GC invocations=176 (full 9):
 PSYoungGen      total 15872K, used 15193K [0x00000000eab00000, 0x00000000ec380000, 0x0000000100000000)
  eden space 12288K, 97% used [0x00000000eab00000,0x00000000eb6bf110,0x00000000eb700000)
  from space 3584K, 88% used [0x00000000ec000000,0x00000000ec3174b8,0x00000000ec380000)
  to   space 5120K, 0% used [0x00000000eb980000,0x00000000eb980000,0x00000000ebe80000)
 ParOldGen       total 325120K, used 266858K [0x00000000c0000000, 0x00000000d3d80000, 0x00000000eab00000)
  object space 325120K, 82% used [0x00000000c0000000,0x00000000d049a858,0x00000000d3d80000)
 Metaspace       used 56632K, committed 57536K, reserved 1105920K
  class space    used 6293K, committed 6656K, reserved 1048576K
}
Event: 8.751 GC heap after
{Heap after GC invocations=176 (full 9):
 PSYoungGen      total 18944K, used 5105K [0x00000000eab00000, 0x00000000ecf80000, 0x0000000100000000)
  eden space 13824K, 0% used [0x00000000eab00000,0x00000000eab00000,0x00000000eb880000)
  from space 5120K, 99% used [0x00000000eb980000,0x00000000ebe7c7d0,0x00000000ebe80000)
  to   space 11776K, 0% used [0x00000000ec400000,0x00000000ec400000,0x00000000ecf80000)
 ParOldGen       total 325120K, used 271944K [0x00000000c0000000, 0x00000000d3d80000, 0x00000000eab00000)
  object space 325120K, 83% used [0x00000000c0000000,0x00000000d0992328,0x00000000d3d80000)
 Metaspace       used 56632K, committed 57536K, reserved 1105920K
  class space    used 6293K, committed 6656K, reserved 1048576K
}
Event: 8.902 GC heap before
{Heap before GC invocations=177 (full 9):
 PSYoungGen      total 18944K, used 18720K [0x00000000eab00000, 0x00000000ecf80000, 0x0000000100000000)
  eden space 13824K, 98% used [0x00000000eab00000,0x00000000eb84b928,0x00000000eb880000)
  from space 5120K, 99% used [0x00000000eb980000,0x00000000ebe7c7d0,0x00000000ebe80000)
  to   space 11776K, 0% used [0x00000000ec400000,0x00000000ec400000,0x00000000ecf80000)
 ParOldGen       total 325120K, used 271944K [0x00000000c0000000, 0x00000000d3d80000, 0x00000000eab00000)
  object space 325120K, 83% used [0x00000000c0000000,0x00000000d0992328,0x00000000d3d80000)
 Metaspace       used 56632K, committed 57536K, reserved 1105920K
  class space    used 6293K, committed 6656K, reserved 1048576K
}
Event: 8.910 GC heap after
{Heap after GC invocations=177 (full 9):
 PSYoungGen      total 20992K, used 11746K [0x00000000eab00000, 0x00000000eda00000, 0x0000000100000000)
  eden space 9216K, 0% used [0x00000000eab00000,0x00000000eab00000,0x00000000eb400000)
  from space 11776K, 99% used [0x00000000ec400000,0x00000000ecf78b18,0x00000000ecf80000)
  to   space 16384K, 0% used [0x00000000eb400000,0x00000000eb400000,0x00000000ec400000)
 ParOldGen       total 325120K, used 275060K [0x00000000c0000000, 0x00000000d3d80000, 0x00000000eab00000)
  object space 325120K, 84% used [0x00000000c0000000,0x00000000d0c9d2e8,0x00000000d3d80000)
 Metaspace       used 56632K, committed 57536K, reserved 1105920K
  class space    used 6293K, committed 6656K, reserved 1048576K
}
Event: 9.029 GC heap before
{Heap before GC invocations=178 (full 9):
 PSYoungGen      total 20992K, used 20962K [0x00000000eab00000, 0x00000000eda00000, 0x0000000100000000)
  eden space 9216K, 100% used [0x00000000eab00000,0x00000000eb400000,0x00000000eb400000)
  from space 11776K, 99% used [0x00000000ec400000,0x00000000ecf78b18,0x00000000ecf80000)
  to   space 16384K, 0% used [0x00000000eb400000,0x00000000eb400000,0x00000000ec400000)
 ParOldGen       total 325120K, used 275060K [0x00000000c0000000, 0x00000000d3d80000, 0x00000000eab00000)
  object space 325120K, 84% used [0x00000000c0000000,0x00000000d0c9d2e8,0x00000000d3d80000)
 Metaspace       used 56632K, committed 57536K, reserved 1105920K
  class space    used 6293K, committed 6656K, reserved 1048576K
}
Event: 9.039 GC heap after
{Heap after GC invocations=178 (full 9):
 PSYoungGen      total 18944K, used 9290K [0x00000000eab00000, 0x00000000ecc00000, 0x0000000100000000)
  eden space 9216K, 0% used [0x00000000eab00000,0x00000000eab00000,0x00000000eb400000)
  from space 9728K, 95% used [0x00000000eb400000,0x00000000ebd129d8,0x00000000ebd80000)
  to   space 11776K, 0% used [0x00000000ec080000,0x00000000ec080000,0x00000000ecc00000)
 ParOldGen       total 325120K, used 285015K [0x00000000c0000000, 0x00000000d3d80000, 0x00000000eab00000)
  object space 325120K, 87% used [0x00000000c0000000,0x00000000d1655d80,0x00000000d3d80000)
 Metaspace       used 56632K, committed 57536K, reserved 1105920K
  class space    used 6293K, committed 6656K, reserved 1048576K
}
Event: 9.165 GC heap before
{Heap before GC invocations=179 (full 9):
 PSYoungGen      total 18944K, used 18506K [0x00000000eab00000, 0x00000000ecc00000, 0x0000000100000000)
  eden space 9216K, 100% used [0x00000000eab00000,0x00000000eb400000,0x00000000eb400000)
  from space 9728K, 95% used [0x00000000eb400000,0x00000000ebd129d8,0x00000000ebd80000)
  to   space 11776K, 0% used [0x00000000ec080000,0x00000000ec080000,0x00000000ecc00000)
 ParOldGen       total 325120K, used 285015K [0x00000000c0000000, 0x00000000d3d80000, 0x00000000eab00000)
  object space 325120K, 87% used [0x00000000c0000000,0x00000000d1655d80,0x00000000d3d80000)
 Metaspace       used 56632K, committed 57536K, reserved 1105920K
  class space    used 6293K, committed 6656K, reserved 1048576K
}
Event: 9.175 GC heap after
{Heap after GC invocations=179 (full 9):
 PSYoungGen      total 13824K, used 11756K [0x00000000eab00000, 0x00000000edc00000, 0x0000000100000000)
  eden space 2048K, 0% used [0x00000000eab00000,0x00000000eab00000,0x00000000ead00000)
  from space 11776K, 99% used [0x00000000ec080000,0x00000000ecbfb3b0,0x00000000ecc00000)
  to   space 19968K, 0% used [0x00000000ead00000,0x00000000ead00000,0x00000000ec080000)
 ParOldGen       total 325120K, used 291492K [0x00000000c0000000, 0x00000000d3d80000, 0x00000000eab00000)
  object space 325120K, 89% used [0x00000000c0000000,0x00000000d1ca91e8,0x00000000d3d80000)
 Metaspace       used 56632K, committed 57536K, reserved 1105920K
  class space    used 6293K, committed 6656K, reserved 1048576K
}
Event: 9.197 GC heap before
{Heap before GC invocations=180 (full 9):
 PSYoungGen      total 13824K, used 13804K [0x00000000eab00000, 0x00000000edc00000, 0x0000000100000000)
  eden space 2048K, 100% used [0x00000000eab00000,0x00000000ead00000,0x00000000ead00000)
  from space 11776K, 99% used [0x00000000ec080000,0x00000000ecbfb3b0,0x00000000ecc00000)
  to   space 19968K, 0% used [0x00000000ead00000,0x00000000ead00000,0x00000000ec080000)
 ParOldGen       total 325120K, used 291492K [0x00000000c0000000, 0x00000000d3d80000, 0x00000000eab00000)
  object space 325120K, 89% used [0x00000000c0000000,0x00000000d1ca91e8,0x00000000d3d80000)
 Metaspace       used 56632K, committed 57536K, reserved 1105920K
  class space    used 6293K, committed 6656K, reserved 1048576K
}
Event: 9.205 GC heap after
{Heap after GC invocations=180 (full 9):
 PSYoungGen      total 4608K, used 2227K [0x00000000eab00000, 0x00000000ec100000, 0x0000000100000000)
  eden space 2048K, 0% used [0x00000000eab00000,0x00000000eab00000,0x00000000ead00000)
  from space 2560K, 87% used [0x00000000ead00000,0x00000000eaf2cfd0,0x00000000eaf80000)
  to   space 8192K, 0% used [0x00000000eb900000,0x00000000eb900000,0x00000000ec100000)
 ParOldGen       total 325120K, used 303323K [0x00000000c0000000, 0x00000000d3d80000, 0x00000000eab00000)
  object space 325120K, 93% used [0x00000000c0000000,0x00000000d2836d88,0x00000000d3d80000)
 Metaspace       used 56632K, committed 57536K, reserved 1105920K
  class space    used 6293K, committed 6656K, reserved 1048576K
}
Event: 9.234 GC heap before
{Heap before GC invocations=181 (full 9):
 PSYoungGen      total 4608K, used 4275K [0x00000000eab00000, 0x00000000ec100000, 0x0000000100000000)
  eden space 2048K, 100% used [0x00000000eab00000,0x00000000ead00000,0x00000000ead00000)
  from space 2560K, 87% used [0x00000000ead00000,0x00000000eaf2cfd0,0x00000000eaf80000)
  to   space 8192K, 0% used [0x00000000eb900000,0x00000000eb900000,0x00000000ec100000)
 ParOldGen       total 325120K, used 303323K [0x00000000c0000000, 0x00000000d3d80000, 0x00000000eab00000)
  object space 325120K, 93% used [0x00000000c0000000,0x00000000d2836d88,0x00000000d3d80000)
 Metaspace       used 56632K, committed 57536K, reserved 1105920K
  class space    used 6293K, committed 6656K, reserved 1048576K
}
Event: 9.237 GC heap after
{Heap after GC invocations=181 (full 9):
 PSYoungGen      total 7168K, used 4163K [0x00000000eab00000, 0x00000000ebd80000, 0x0000000100000000)
  eden space 2560K, 0% used [0x00000000eab00000,0x00000000eab00000,0x00000000ead80000)
  from space 4608K, 90% used [0x00000000eb900000,0x00000000ebd10cf0,0x00000000ebd80000)
  to   space 5120K, 0% used [0x00000000eb380000,0x00000000eb380000,0x00000000eb880000)
 ParOldGen       total 325120K, used 303323K [0x00000000c0000000, 0x00000000d3d80000, 0x00000000eab00000)
  object space 325120K, 93% used [0x00000000c0000000,0x00000000d2836d88,0x00000000d3d80000)
 Metaspace       used 56632K, committed 57536K, reserved 1105920K
  class space    used 6293K, committed 6656K, reserved 1048576K
}
Event: 9.284 GC heap before
{Heap before GC invocations=182 (full 9):
 PSYoungGen      total 7168K, used 6723K [0x00000000eab00000, 0x00000000ebd80000, 0x0000000100000000)
  eden space 2560K, 100% used [0x00000000eab00000,0x00000000ead80000,0x00000000ead80000)
  from space 4608K, 90% used [0x00000000eb900000,0x00000000ebd10cf0,0x00000000ebd80000)
  to   space 5120K, 0% used [0x00000000eb380000,0x00000000eb380000,0x00000000eb880000)
 ParOldGen       total 325120K, used 303323K [0x00000000c0000000, 0x00000000d3d80000, 0x00000000eab00000)
  object space 325120K, 93% used [0x00000000c0000000,0x00000000d2836d88,0x00000000d3d80000)
 Metaspace       used 56632K, committed 57536K, reserved 1105920K
  class space    used 6293K, committed 6656K, reserved 1048576K
}

Dll operation events (12 events):
Event: 0.002 Loaded shared library /home/xiongxin/.vscode/extensions/redhat.java-1.17.0-linux-x64/jre/17.0.6-linux-x86_64/lib/libjava.so
Event: 0.170 Loaded shared library /home/xiongxin/.vscode/extensions/redhat.java-1.17.0-linux-x64/jre/17.0.6-linux-x86_64/lib/libzip.so
Event: 0.171 Loaded shared library /home/xiongxin/.vscode/extensions/redhat.java-1.17.0-linux-x64/jre/17.0.6-linux-x86_64/lib/libinstrument.so
Event: 0.178 Loaded shared library /home/xiongxin/.vscode/extensions/redhat.java-1.17.0-linux-x64/jre/17.0.6-linux-x86_64/lib/libnio.so
Event: 0.185 Loaded shared library /home/xiongxin/.vscode/extensions/redhat.java-1.17.0-linux-x64/jre/17.0.6-linux-x86_64/lib/libzip.so
Event: 0.197 Loaded shared library /home/xiongxin/.vscode/extensions/redhat.java-1.17.0-linux-x64/jre/17.0.6-linux-x86_64/lib/libjimage.so
Event: 0.227 Loaded shared library /home/xiongxin/.vscode/extensions/redhat.java-1.17.0-linux-x64/jre/17.0.6-linux-x86_64/lib/libverify.so
Event: 0.628 Loaded shared library /home/xiongxin/.vscode/extensions/redhat.java-1.17.0-linux-x64/jre/17.0.6-linux-x86_64/lib/libnet.so
Event: 0.893 Loaded shared library /home/xiongxin/.config/Code/User/globalStorage/redhat.java/1.17.0/config_linux/org.eclipse.equinox.launcher/org.eclipse.equinox.launcher.gtk.linux.x86_64_1.2.700.v20221108-1024/eclipse_11801.so
Event: 1.399 Loaded shared library /home/xiongxin/.vscode/extensions/redhat.java-1.17.0-linux-x64/jre/17.0.6-linux-x86_64/lib/libmanagement.so
Event: 1.400 Loaded shared library /home/xiongxin/.vscode/extensions/redhat.java-1.17.0-linux-x64/jre/17.0.6-linux-x86_64/lib/libmanagement_ext.so
Event: 4.213 Loaded shared library /home/xiongxin/.vscode/extensions/redhat.java-1.17.0-linux-x64/jre/17.0.6-linux-x86_64/lib/libextnet.so

Deoptimization events (20 events):
Event: 8.875 Thread 0x00007f64f0880860 DEOPT PACKING pc=0x00007f65654928bd sp=0x00007f65405fe530
Event: 8.875 Thread 0x00007f64f0880860 DEOPT UNPACKING pc=0x00007f656c58db2f sp=0x00007f65405fda20 mode 0
Event: 8.876 Thread 0x00007f64f0880860 DEOPT PACKING pc=0x00007f65654928bd sp=0x00007f65405fe530
Event: 8.876 Thread 0x00007f64f0880860 DEOPT UNPACKING pc=0x00007f656c58db2f sp=0x00007f65405fda20 mode 0
Event: 8.877 Thread 0x00007f64f0880860 DEOPT PACKING pc=0x00007f65654928bd sp=0x00007f65405fe530
Event: 8.877 Thread 0x00007f64f0880860 DEOPT UNPACKING pc=0x00007f656c58db2f sp=0x00007f65405fda20 mode 0
Event: 8.878 Thread 0x00007f64f0880860 DEOPT PACKING pc=0x00007f65654928bd sp=0x00007f65405fe530
Event: 8.878 Thread 0x00007f64f0880860 DEOPT UNPACKING pc=0x00007f656c58db2f sp=0x00007f65405fda20 mode 0
Event: 8.879 Thread 0x00007f64f0880860 DEOPT PACKING pc=0x00007f65654928bd sp=0x00007f65405fe530
Event: 8.879 Thread 0x00007f64f0880860 DEOPT UNPACKING pc=0x00007f656c58db2f sp=0x00007f65405fda20 mode 0
Event: 8.879 Thread 0x00007f64f0880860 DEOPT PACKING pc=0x00007f65654928bd sp=0x00007f65405fe530
Event: 8.879 Thread 0x00007f64f0880860 DEOPT UNPACKING pc=0x00007f656c58db2f sp=0x00007f65405fda20 mode 0
Event: 8.880 Thread 0x00007f64f0880860 DEOPT PACKING pc=0x00007f65654928bd sp=0x00007f65405fe530
Event: 8.880 Thread 0x00007f64f0880860 DEOPT UNPACKING pc=0x00007f656c58db2f sp=0x00007f65405fda20 mode 0
Event: 8.881 Thread 0x00007f64f0880860 DEOPT PACKING pc=0x00007f65654928bd sp=0x00007f65405fe530
Event: 8.881 Thread 0x00007f64f0880860 DEOPT UNPACKING pc=0x00007f656c58db2f sp=0x00007f65405fda20 mode 0
Event: 8.882 Thread 0x00007f64f0880860 DEOPT PACKING pc=0x00007f65654928bd sp=0x00007f65405fe530
Event: 8.882 Thread 0x00007f64f0880860 DEOPT UNPACKING pc=0x00007f656c58db2f sp=0x00007f65405fda20 mode 0
Event: 8.883 Thread 0x00007f64f0880860 DEOPT PACKING pc=0x00007f656549284c sp=0x00007f65405fe530
Event: 8.883 Thread 0x00007f64f0880860 DEOPT UNPACKING pc=0x00007f656c58db2f sp=0x00007f65405fda20 mode 0

Classes unloaded (7 events):
Event: 1.480 Thread 0x00007f65741d7b00 Unloading class 0x000000010021e400 'java/lang/invoke/LambdaForm$MH+0x000000010021e400'
Event: 1.480 Thread 0x00007f65741d7b00 Unloading class 0x000000010021e000 'java/lang/invoke/LambdaForm$MH+0x000000010021e000'
Event: 1.480 Thread 0x00007f65741d7b00 Unloading class 0x000000010021dc00 'java/lang/invoke/LambdaForm$MH+0x000000010021dc00'
Event: 1.480 Thread 0x00007f65741d7b00 Unloading class 0x000000010021d800 'java/lang/invoke/LambdaForm$MH+0x000000010021d800'
Event: 1.480 Thread 0x00007f65741d7b00 Unloading class 0x000000010021d000 'java/lang/invoke/LambdaForm$BMH+0x000000010021d000'
Event: 1.480 Thread 0x00007f65741d7b00 Unloading class 0x000000010021cc00 'java/lang/invoke/LambdaForm$DMH+0x000000010021cc00'
Event: 1.480 Thread 0x00007f65741d7b00 Unloading class 0x000000010021a000 'java/lang/invoke/LambdaForm$DMH+0x000000010021a000'

Classes redefined (0 events):
No events

Internal exceptions (20 events):
Event: 4.683 Thread 0x00007f64f031ecd0 Exception <a 'java/io/FileNotFoundException'{0x00000000ebbe80f0}> (0x00000000ebbe80f0) 
thrown [src/hotspot/share/prims/jni.cpp, line 516]
Event: 4.684 Thread 0x00007f64f031ecd0 Exception <a 'java/io/FileNotFoundException'{0x00000000ebbef720}> (0x00000000ebbef720) 
thrown [src/hotspot/share/prims/jni.cpp, line 516]
Event: 4.685 Thread 0x00007f64f031ecd0 Exception <a 'java/io/FileNotFoundException'{0x00000000ebc07cd0}> (0x00000000ebc07cd0) 
thrown [src/hotspot/share/prims/jni.cpp, line 516]
Event: 4.702 Thread 0x00007f64f031ecd0 Exception <a 'java/io/FileNotFoundException'{0x00000000ebc31530}> (0x00000000ebc31530) 
thrown [src/hotspot/share/prims/jni.cpp, line 516]
Event: 4.702 Thread 0x00007f64f031ecd0 Exception <a 'java/io/FileNotFoundException'{0x00000000ebc32718}> (0x00000000ebc32718) 
thrown [src/hotspot/share/prims/jni.cpp, line 516]
Event: 4.705 Thread 0x00007f64bc000ff0 Implicit null exception at 0x00007f656cbd0913 to 0x00007f656cbd0fe8
Event: 4.731 Thread 0x00007f65747f4e60 Exception <a 'sun/nio/fs/UnixException'{0x00000000eac21100}> (0x00000000eac21100) 
thrown [src/hotspot/share/prims/jni.cpp, line 516]
Event: 4.733 Thread 0x00007f65747f4e60 Exception <a 'sun/nio/fs/UnixException'{0x00000000eac33060}> (0x00000000eac33060) 
thrown [src/hotspot/share/prims/jni.cpp, line 516]
Event: 4.734 Thread 0x00007f65747f4e60 Exception <a 'java/lang/NoSuchMethodError'{0x00000000eac7ca80}: 'java.lang.Object java.lang.invoke.DirectMethodHandle$Holder.invokeStatic(java.lang.Object, java.lang.Object, int, java.lang.Object)'> (0x00000000eac7ca80) 
thrown [src/hotspot/share/interpreter/linkResolver.cpp, line 758]
Event: 4.735 Thread 0x00007f65747f4e60 Exception <a 'java/lang/NoSuchMethodError'{0x00000000eac90e50}: 'java.lang.Object java.lang.invoke.DirectMethodHandle$Holder.newInvokeSpecial(java.lang.Object, java.lang.Object, int)'> (0x00000000eac90e50) 
thrown [src/hotspot/share/interpreter/linkResolver.cpp, line 758]
Event: 4.771 Thread 0x00007f64d4007e70 Exception <a 'java/lang/NoSuchMethodError'{0x00000000eb6452b8}: 'java.lang.Object java.lang.invoke.DirectMethodHandle$Holder.newInvokeSpecial(java.lang.Object, java.lang.Object, java.lang.Object, java.lang.Object, java.lang.Object, java.lang.Object, java.lang.Object, java.lang.Object)'> (0x00000000eb6452b8) 
thrown [src/hotspot/share/interpreter/linkResolver.cpp, line 758]
Event: 4.771 Thread 0x00007f64d4007e70 Exception <a 'java/lang/NoSuchMethodError'{0x00000000eb65d518}: 'java.lang.Object java.lang.invoke.DirectMethodHandle$Holder.invokeSpecial(java.lang.Object, java.lang.Object, java.lang.Object, java.lang.Object, java.lang.Object, java.lang.Object, java.lang.Object, java.lang.Object, java.lang.Object)'> (0x00000000eb65d518) 
thrown [src/hotspot/share/interpreter/linkResolver.cpp, line 758]
Event: 4.772 Thread 0x00007f64d4007e70 Exception <a 'java/lang/NoSuchMethodError'{0x00000000eb662138}: 'java.lang.Object java.lang.invoke.Invokers$Holder.linkToTargetMethod(java.lang.Object, java.lang.Object, java.lang.Object, java.lang.Object, java.lang.Object, java.lang.Object, java.lang.Object, java.lang.Object)'> (0x00000000eb662138) 
thrown [src/hotspot/share/interpreter/linkResolver.cpp, line 758]
Event: 4.827 Thread 0x00007f64f031ecd0 Exception <a 'java/lang/NoSuchMethodError'{0x00000000eafd5e08}: 'int java.lang.invoke.DirectMethodHandle$Holder.invokeStatic(java.lang.Object)'> (0x00000000eafd5e08) 
thrown [src/hotspot/share/interpreter/linkResolver.cpp, line 758]
Event: 4.843 Thread 0x00007f64f031ecd0 Exception <a 'java/io/FileNotFoundException'{0x00000000eb615688}> (0x00000000eb615688) 
thrown [src/hotspot/share/prims/jni.cpp, line 516]
Event: 4.844 Thread 0x00007f64f031ecd0 Exception <a 'java/io/FileNotFoundException'{0x00000000eb617398}> (0x00000000eb617398) 
thrown [src/hotspot/share/prims/jni.cpp, line 516]
Event: 4.844 Thread 0x00007f64f031ecd0 Exception <a 'java/io/FileNotFoundException'{0x00000000eb618830}> (0x00000000eb618830) 
thrown [src/hotspot/share/prims/jni.cpp, line 516]
Event: 4.948 Thread 0x00007f64f031ecd0 Implicit null exception at 0x00007f656cbbd0e9 to 0x00007f656cbbd1dc
Event: 5.052 Thread 0x00007f64c85ff990 Exception <a 'java/lang/NoSuchMethodError'{0x00000000eb664308}: 'java.lang.Object java.lang.invoke.DirectMethodHandle$Holder.newInvokeSpecial(java.lang.Object, java.lang.Object, java.lang.Object, java.lang.Object, java.lang.Object, java.lang.Object)'> (0x00000000eb664308) 
thrown [src/hotspot/share/interpreter/linkResolver.cpp, line 758]
Event: 5.317 Thread 0x00007f64f0880860 Implicit null exception at 0x00007f656cb187cf to 0x00007f656cb188e0

VM Operations (20 events):
Event: 8.328 Executing VM operation: ParallelGCFailedAllocation done
Event: 8.333 Executing VM operation: ParallelGCFailedAllocation
Event: 8.335 Executing VM operation: ParallelGCFailedAllocation done
Event: 8.340 Executing VM operation: ParallelGCFailedAllocation
Event: 8.536 Executing VM operation: ParallelGCFailedAllocation done
Event: 8.612 Executing VM operation: ParallelGCFailedAllocation
Event: 8.628 Executing VM operation: ParallelGCFailedAllocation done
Event: 8.746 Executing VM operation: ParallelGCFailedAllocation
Event: 8.751 Executing VM operation: ParallelGCFailedAllocation done
Event: 8.902 Executing VM operation: ParallelGCFailedAllocation
Event: 8.910 Executing VM operation: ParallelGCFailedAllocation done
Event: 9.029 Executing VM operation: ParallelGCFailedAllocation
Event: 9.039 Executing VM operation: ParallelGCFailedAllocation done
Event: 9.165 Executing VM operation: ParallelGCFailedAllocation
Event: 9.175 Executing VM operation: ParallelGCFailedAllocation done
Event: 9.197 Executing VM operation: ParallelGCFailedAllocation
Event: 9.205 Executing VM operation: ParallelGCFailedAllocation done
Event: 9.234 Executing VM operation: ParallelGCFailedAllocation
Event: 9.237 Executing VM operation: ParallelGCFailedAllocation done
Event: 9.284 Executing VM operation: ParallelGCFailedAllocation

Events (20 events):
Event: 5.231 Thread 0x00007f6574220e40 flushing nmethod 0x00007f65659ef310
Event: 5.231 Thread 0x00007f6574220e40 flushing nmethod 0x00007f6565a03b90
Event: 5.231 Thread 0x00007f6574220e40 flushing nmethod 0x00007f6565a74690
Event: 5.231 Thread 0x00007f6574220e40 flushing nmethod 0x00007f6565a74e90
Event: 5.231 Thread 0x00007f6574220e40 flushing nmethod 0x00007f6565a75790
Event: 5.231 Thread 0x00007f6574220e40 flushing nmethod 0x00007f6565a77190
Event: 5.231 Thread 0x00007f6574220e40 flushing nmethod 0x00007f6565a77a10
Event: 5.231 Thread 0x00007f6574220e40 flushing nmethod 0x00007f6565a79010
Event: 5.231 Thread 0x00007f6574220e40 flushing nmethod 0x00007f6565a79390
Event: 5.343 loading class sun/net/www/http/KeepAliveCache$1
Event: 5.343 loading class sun/net/www/http/KeepAliveCache$1 done
Event: 5.343 Thread 0x00007f64c00d29e0 Thread added: 0x00007f64c00d29e0
Event: 5.343 loading class sun/net/www/http/ClientVector
Event: 5.343 Protecting memory [0x00007f64d2300000,0x00007f64d2304000] with protection modes 0
Event: 5.343 loading class sun/net/www/http/ClientVector done
Event: 5.344 loading class sun/net/www/http/KeepAliveEntry
Event: 5.344 loading class sun/net/www/http/KeepAliveEntry done
Event: 6.596 Thread 0x00007f652c0c2f80 Thread exited: 0x00007f652c0c2f80
Event: 6.617 Thread 0x00007f65300889d0 Thread exited: 0x00007f65300889d0
Event: 6.754 Thread 0x00007f64f00b83b0 Thread exited: 0x00007f64f00b83b0


Dynamic libraries:
c0000000-d3d80000 rw-p 00000000 00:00 0 
d3d80000-eab00000 ---p 00000000 00:00 0 
eab00000-ebd80000 rw-p 00000000 00:00 0 
ebd80000-100000000 ---p 00000000 00:00 0 
100000000-100010000 rw-p 00000000 00:00 0 
100010000-100030000 rw-p 00000000 00:00 0 
100030000-1000b0000 rw-p 00000000 00:00 0 
1000b0000-1000d0000 rw-p 00000000 00:00 0 
1000d0000-100130000 rw-p 00000000 00:00 0 
100130000-1001d0000 rw-p 00000000 00:00 0 
1001d0000-100230000 rw-p 00000000 00:00 0 
100230000-100270000 rw-p 00000000 00:00 0 
100270000-100570000 rw-p 00000000 00:00 0 
100570000-1005b0000 rw-p 00000000 00:00 0 
1005b0000-1005f0000 rw-p 00000000 00:00 0 
1005f0000-100630000 rw-p 00000000 00:00 0 
100630000-100650000 rw-p 00000000 00:00 0 
100650000-100680000 ---p 00000000 00:00 0 
100680000-1006b0000 rw-p 00000000 00:00 0 
1006b0000-140000000 ---p 00000000 00:00 0 
559654a4b000-559654a4c000 r--p 00000000 00:20 1425019                    /home/xiongxin/.vscode/extensions/redhat.java-1.17.0-linux-x64/jre/17.0.6-linux-x86_64/bin/java
559654a4c000-559654a4d000 r-xp 00001000 00:20 1425019                    /home/xiongxin/.vscode/extensions/redhat.java-1.17.0-linux-x64/jre/17.0.6-linux-x86_64/bin/java
559654a4d000-559654a4e000 r--p 00002000 00:20 1425019                    /home/xiongxin/.vscode/extensions/redhat.java-1.17.0-linux-x64/jre/17.0.6-linux-x86_64/bin/java
559654a4e000-559654a4f000 r--p 00002000 00:20 1425019                    /home/xiongxin/.vscode/extensions/redhat.java-1.17.0-linux-x64/jre/17.0.6-linux-x86_64/bin/java
559654a4f000-559654a50000 rw-p 00003000 00:20 1425019                    /home/xiongxin/.vscode/extensions/redhat.java-1.17.0-linux-x64/jre/17.0.6-linux-x86_64/bin/java
559654fe7000-55965502f000 rw-p 00000000 00:00 0                          [heap]
7f649c000000-7f649c021000 rw-p 00000000 00:00 0 
7f649c021000-7f64a0000000 ---p 00000000 00:00 0 
7f64a4000000-7f64a4021000 rw-p 00000000 00:00 0 
7f64a4021000-7f64a8000000 ---p 00000000 00:00 0 
7f64a8000000-7f64a8021000 rw-p 00000000 00:00 0 
7f64a8021000-7f64ac000000 ---p 00000000 00:00 0 
7f64ac000000-7f64b3f27000 r--s 00000000 00:20 1053001                    /usr/lib/jvm/java-17-openjdk-17.0.6.0.10-1.fc37.x86_64/lib/modules
7f64b4000000-7f64b4021000 rw-p 00000000 00:00 0 
7f64b4021000-7f64b8000000 ---p 00000000 00:00 0 
7f64b8000000-7f64b8021000 rw-p 00000000 00:00 0 
7f64b8021000-7f64bc000000 ---p 00000000 00:00 0 
7f64bc000000-7f64bc021000 rw-p 00000000 00:00 0 
7f64bc021000-7f64c0000000 ---p 00000000 00:00 0 
7f64c0000000-7f64c00e9000 rw-p 00000000 00:00 0 
7f64c00e9000-7f64c4000000 ---p 00000000 00:00 0 
7f64c4000000-7f64c4021000 rw-p 00000000 00:00 0 
7f64c4021000-7f64c8000000 ---p 00000000 00:00 0 
7f64c8000000-7f64c8605000 rw-p 00000000 00:00 0 
7f64c8605000-7f64cc000000 ---p 00000000 00:00 0 
7f64cc000000-7f64cc07b000 rw-p 00000000 00:00 0 
7f64cc07b000-7f64d0000000 ---p 00000000 00:00 0 
7f64d1800000-7f64d1a30000 rw-p 00000000 00:00 0 
7f64d1a30000-7f64d2000000 ---p 00000000 00:00 0 
7f64d206a000-7f64d2300000 rw-p 00000000 00:00 0 
7f64d2300000-7f64d2304000 ---p 00000000 00:00 0 
7f64d2304000-7f64d24f0000 rw-p 00000000 00:00 0 
7f64d24f0000-7f64d26f0000 rw-p 00000000 00:00 0 
7f64d26f0000-7f64d27f0000 rw-p 00000000 00:00 0 
7f64d27f0000-7f64d28b0000 rw-p 00000000 00:00 0 
7f64d28b0000-7f64d28f0000 rw-p 00000000 00:00 0 
7f64d28f0000-7f64d2af0000 rw-p 00000000 00:00 0 
7f64d2af0000-7f64d2b80000 rw-p 00000000 00:00 0 
7f64d2b80000-7f64d2c00000 ---p 00000000 00:00 0 
7f64d2c00000-7f64d2c04000 ---p 00000000 00:00 0 
7f64d2c04000-7f64d2d00000 rw-p 00000000 00:00 0 
7f64d2d00000-7f64d2d04000 ---p 00000000 00:00 0 
7f64d2d04000-7f64d2e00000 rw-p 00000000 00:00 0 
7f64d2e00000-7f64d2e04000 ---p 00000000 00:00 0 
7f64d2e04000-7f64d2f00000 rw-p 00000000 00:00 0 
7f64d2f00000-7f64d2f04000 ---p 00000000 00:00 0 
7f64d2f04000-7f64d37f0000 rw-p 00000000 00:00 0 
7f64d37f0000-7f64d3af0000 rw-p 00000000 00:00 0 
7f64d3af0000-7f64d3cf0000 rw-p 00000000 00:00 0 
7f64d3cf0000-7f64d3df0000 rw-p 00000000 00:00 0 
7f64d3df0000-7f64d4000000 rw-p 00000000 00:00 0 
7f64d4000000-7f64d4192000 rw-p 00000000 00:00 0 
7f64d4192000-7f64d8000000 ---p 00000000 00:00 0 
7f64d8000000-7f64d8091000 rw-p 00000000 00:00 0 
7f64d8091000-7f64dc000000 ---p 00000000 00:00 0 
7f64dc000000-7f64dc021000 rw-p 00000000 00:00 0 
7f64dc021000-7f64e0000000 ---p 00000000 00:00 0 
7f64e0000000-7f64e0021000 rw-p 00000000 00:00 0 
7f64e0021000-7f64e4000000 ---p 00000000 00:00 0 
7f64e4000000-7f64e4021000 rw-p 00000000 00:00 0 
7f64e4021000-7f64e8000000 ---p 00000000 00:00 0 
7f64e8000000-7f64e8021000 rw-p 00000000 00:00 0 
7f64e8021000-7f64ec000000 ---p 00000000 00:00 0 
7f64ec000000-7f64ec021000 rw-p 00000000 00:00 0 
7f64ec021000-7f64f0000000 ---p 00000000 00:00 0 
7f64f0000000-7f64f09a1000 rw-p 00000000 00:00 0 
7f64f09a1000-7f64f4000000 ---p 00000000 00:00 0 
7f64f4000000-7f64f4164000 rw-p 00000000 00:00 0 
7f64f4164000-7f64f8000000 ---p 00000000 00:00 0 
7f64f8000000-7f64f8021000 rw-p 00000000 00:00 0 
7f64f8021000-7f64fc000000 ---p 00000000 00:00 0 
7f64fc000000-7f64fc021000 rw-p 00000000 00:00 0 
7f64fc021000-7f6500000000 ---p 00000000 00:00 0 
7f6500000000-7f6500021000 rw-p 00000000 00:00 0 
7f6500021000-7f6504000000 ---p 00000000 00:00 0 
7f6504000000-7f6504021000 rw-p 00000000 00:00 0 
7f6504021000-7f6508000000 ---p 00000000 00:00 0 
7f6508000000-7f6508021000 rw-p 00000000 00:00 0 
7f6508021000-7f650c000000 ---p 00000000 00:00 0 
7f650c000000-7f650c021000 rw-p 00000000 00:00 0 
7f650c021000-7f6510000000 ---p 00000000 00:00 0 
7f6510000000-7f6510021000 rw-p 00000000 00:00 0 
7f6510021000-7f6514000000 ---p 00000000 00:00 0 
7f6514000000-7f6514021000 rw-p 00000000 00:00 0 
7f6514021000-7f6518000000 ---p 00000000 00:00 0 
7f6518000000-7f6519704000 rw-p 00000000 00:00 0 
7f6519704000-7f651c000000 ---p 00000000 00:00 0 
7f651c000000-7f651d2ee000 rw-p 00000000 00:00 0 
7f651d2ee000-7f6520000000 ---p 00000000 00:00 0 
7f6520000000-7f6520021000 rw-p 00000000 00:00 0 
7f6520021000-7f6524000000 ---p 00000000 00:00 0 
7f6524000000-7f6524021000 rw-p 00000000 00:00 0 
7f6524021000-7f6528000000 ---p 00000000 00:00 0 
7f6528000000-7f6528021000 rw-p 00000000 00:00 0 
7f6528021000-7f652c000000 ---p 00000000 00:00 0 
7f652c000000-7f652d408000 rw-p 00000000 00:00 0 
7f652d408000-7f6530000000 ---p 00000000 00:00 0 
7f6530000000-7f653093c000 rw-p 00000000 00:00 0 
7f653093c000-7f6534000000 ---p 00000000 00:00 0 
7f6534000000-7f6534021000 rw-p 00000000 00:00 0 
7f6534021000-7f6538000000 ---p 00000000 00:00 0 
7f6538000000-7f6538021000 rw-p 00000000 00:00 0 
7f6538021000-7f653c000000 ---p 00000000 00:00 0 
7f653c000000-7f653c021000 rw-p 00000000 00:00 0 
7f653c021000-7f6540000000 ---p 00000000 00:00 0 
7f654002e000-7f6540032000 ---p 00000000 00:00 0 
7f6540032000-7f654012e000 rw-p 00000000 00:00 0 
7f654012e000-7f6540132000 ---p 00000000 00:00 0 
7f6540132000-7f654022e000 rw-p 00000000 00:00 0 
7f654022e000-7f6540232000 ---p 00000000 00:00 0 
7f6540232000-7f654032e000 rw-p 00000000 00:00 0 
7f6540400000-7f6540404000 ---p 00000000 00:00 0 
7f6540404000-7f6540500000 rw-p 00000000 00:00 0 
7f6540500000-7f6540504000 ---p 00000000 00:00 0 
7f6540504000-7f6540600000 rw-p 00000000 00:00 0 
7f6540600000-7f6540604000 ---p 00000000 00:00 0 
7f6540604000-7f6540700000 rw-p 00000000 00:00 0 
7f6540700000-7f6540704000 ---p 00000000 00:00 0 
7f6540704000-7f65408f0000 rw-p 00000000 00:00 0 
7f65408f0000-7f65409f0000 rw-p 00000000 00:00 0 
7f65409f0000-7f6541000000 rw-p 00000000 00:00 0 
7f65410fe000-7f6541102000 ---p 00000000 00:00 0 
7f6541102000-7f65411fe000 rw-p 00000000 00:00 0 
7f65411fe000-7f6541202000 ---p 00000000 00:00 0 
7f6541202000-7f65412fe000 rw-p 00000000 00:00 0 
7f65412fe000-7f65412ff000 ---p 00000000 00:00 0 
7f65412ff000-7f6541400000 rw-p 00000000 00:00 0 
7f6541400000-7f6541410000 r-xp 00000000 00:20 1470797                    /home/xiongxin/.config/Code/User/globalStorage/redhat.java/1.17.0/config_linux/org.eclipse.equinox.launcher/org.eclipse.equinox.launcher.gtk.linux.x86_64_1.2.700.v20221108-1024/eclipse_11801.so
7f6541410000-7f654160f000 ---p 00010000 00:20 1470797                    /home/xiongxin/.config/Code/User/globalStorage/redhat.java/1.17.0/config_linux/org.eclipse.equinox.launcher/org.eclipse.equinox.launcher.gtk.linux.x86_64_1.2.700.v20221108-1024/eclipse_11801.so
7f654160f000-7f6541610000 r--p 0000f000 00:20 1470797                    /home/xiongxin/.config/Code/User/globalStorage/redhat.java/1.17.0/config_linux/org.eclipse.equinox.launcher/org.eclipse.equinox.launcher.gtk.linux.x86_64_1.2.700.v20221108-1024/eclipse_11801.so
7f6541610000-7f6541611000 rw-p 00010000 00:20 1470797                    /home/xiongxin/.config/Code/User/globalStorage/redhat.java/1.17.0/config_linux/org.eclipse.equinox.launcher/org.eclipse.equinox.launcher.gtk.linux.x86_64_1.2.700.v20221108-1024/eclipse_11801.so
7f6541611000-7f6541612000 rw-p 00000000 00:00 0 
7f65416f4000-7f65416f8000 ---p 00000000 00:00 0 
7f65416f8000-7f65417f4000 rw-p 00000000 00:00 0 
7f65417f4000-7f65417f8000 ---p 00000000 00:00 0 
7f65417f8000-7f65418f4000 rw-p 00000000 00:00 0 
7f65418f4000-7f65418f8000 ---p 00000000 00:00 0 
7f65418f8000-7f65419f4000 rw-p 00000000 00:00 0 
7f65419f4000-7f65419f5000 ---p 00000000 00:00 0 
7f65419f5000-7f6541af6000 rw-p 00000000 00:00 0 
7f6541af6000-7f6541af7000 ---p 00000000 00:00 0 
7f6541af7000-7f6541bf8000 rw-p 00000000 00:00 0 
7f6541bf8000-7f6541bf9000 ---p 00000000 00:00 0 
7f6541bf9000-7f6541cfa000 rw-p 00000000 00:00 0 
7f6541cfa000-7f6541cfb000 ---p 00000000 00:00 0 
7f6541cfb000-7f6541dfc000 rw-p 00000000 00:00 0 
7f6541dfc000-7f6541dfd000 ---p 00000000 00:00 0 
7f6541dfd000-7f6541efe000 rw-p 00000000 00:00 0 
7f6541efe000-7f6541eff000 ---p 00000000 00:00 0 
7f6541eff000-7f65420f0000 rw-p 00000000 00:00 0 
7f65420f0000-7f65422f0000 rw-p 00000000 00:00 0 
7f65422f0000-7f6542570000 rw-p 00000000 00:00 0 
7f6542570000-7f65426f0000 rw-p 00000000 00:00 0 
7f65426f0000-7f6542800000 rw-p 00000000 00:00 0 
7f6542800000-7f6542804000 ---p 00000000 00:00 0 
7f6542804000-7f6542900000 rw-p 00000000 00:00 0 
7f6542900000-7f6542904000 ---p 00000000 00:00 0 
7f6542904000-7f6542a00000 rw-p 00000000 00:00 0 
7f6542a00000-7f654ffb9000 r--p 00000000 00:20 936409                     /usr/lib/locale/locale-archive
7f6550000000-7f6550021000 rw-p 00000000 00:00 0 
7f6550021000-7f6554000000 ---p 00000000 00:00 0 
7f6554000000-7f6554021000 rw-p 00000000 00:00 0 
7f6554021000-7f6558000000 ---p 00000000 00:00 0 
7f6558000000-7f6558021000 rw-p 00000000 00:00 0 
7f6558021000-7f655c000000 ---p 00000000 00:00 0 
7f655c0ea000-7f655c0eb000 ---p 00000000 00:00 0 
7f655c0eb000-7f655c1ec000 rw-p 00000000 00:00 0 
7f655c1ec000-7f655c1f0000 ---p 00000000 00:00 0 
7f655c1f0000-7f655c2ec000 rw-p 00000000 00:00 0 
7f655c2ec000-7f655c2f0000 ---p 00000000 00:00 0 
7f655c2f0000-7f655c3ec000 rw-p 00000000 00:00 0 
7f655c3ec000-7f655c3f0000 ---p 00000000 00:00 0 
7f655c3f0000-7f655c4ec000 rw-p 00000000 00:00 0 
7f655c4ec000-7f655c4f0000 ---p 00000000 00:00 0 
7f655c4f0000-7f655c5ec000 rw-p 00000000 00:00 0 
7f655c5ec000-7f655c5f0000 ---p 00000000 00:00 0 
7f655c5f0000-7f655c6ec000 rw-p 00000000 00:00 0 
7f655c6ec000-7f655c6f0000 ---p 00000000 00:00 0 
7f655c6f0000-7f655c7ec000 rw-p 00000000 00:00 0 
7f655c7ec000-7f655c7f0000 ---p 00000000 00:00 0 
7f655c7f0000-7f655c8ec000 rw-p 00000000 00:00 0 
7f655c8ec000-7f655c8f0000 ---p 00000000 00:00 0 
7f655c8f0000-7f655c9ec000 rw-p 00000000 00:00 0 
7f655c9ec000-7f655c9f0000 ---p 00000000 00:00 0 
7f655c9f0000-7f655caec000 rw-p 00000000 00:00 0 
7f655caec000-7f655caf0000 ---p 00000000 00:00 0 
7f655caf0000-7f655cbec000 rw-p 00000000 00:00 0 
7f655cbec000-7f655cbf0000 ---p 00000000 00:00 0 
7f655cbf0000-7f655ccec000 rw-p 00000000 00:00 0 
7f655ccec000-7f655cced000 ---p 00000000 00:00 0 
7f655cced000-7f6560000000 rw-p 00000000 00:00 0 
7f6560000000-7f6560021000 rw-p 00000000 00:00 0 
7f6560021000-7f6564000000 ---p 00000000 00:00 0 
7f65640b5000-7f65640b8000 r--p 00000000 00:20 1596438                    /usr/lib64/libnss_resolve.so.2
7f65640b8000-7f65640cf000 r-xp 00003000 00:20 1596438                    /usr/lib64/libnss_resolve.so.2
7f65640cf000-7f65640d6000 r--p 0001a000 00:20 1596438                    /usr/lib64/libnss_resolve.so.2
7f65640d6000-7f65640d7000 ---p 00021000 00:20 1596438                    /usr/lib64/libnss_resolve.so.2
7f65640d7000-7f65640d8000 r--p 00021000 00:20 1596438                    /usr/lib64/libnss_resolve.so.2
7f65640d8000-7f65640d9000 rw-p 00022000 00:20 1596438                    /usr/lib64/libnss_resolve.so.2
7f65640d9000-7f65640dc000 r--p 00000000 00:20 638713                     /usr/lib64/libgcc_s-12-20221121.so.1
7f65640dc000-7f65640f3000 r-xp 00003000 00:20 638713                     /usr/lib64/libgcc_s-12-20221121.so.1
7f65640f3000-7f65640f7000 r--p 0001a000 00:20 638713                     /usr/lib64/libgcc_s-12-20221121.so.1
7f65640f7000-7f65640f8000 r--p 0001d000 00:20 638713                     /usr/lib64/libgcc_s-12-20221121.so.1
7f65640f8000-7f6564bf0000 rw-p 00000000 00:00 0 
7f6564bf0000-7f6564c70000 rw-p 00000000 00:00 0 
7f6564c70000-7f6564cf0000 rw-p 00000000 00:00 0 
7f6564cf0000-7f6565000000 rw-p 00000000 00:00 0 
7f6565000000-7f6565af0000 rwxp 00000000 00:00 0 
7f6565af0000-7f656c537000 ---p 00000000 00:00 0 
7f656c537000-7f656c7a7000 rwxp 00000000 00:00 0 
7f656c7a7000-7f656cac9000 ---p 00000000 00:00 0 
7f656cac9000-7f656ce89000 rwxp 00000000 00:00 0 
7f656ce89000-7f6574000000 ---p 00000000 00:00 0 
7f6574000000-7f65747fa000 rw-p 00000000 00:00 0 
7f65747fa000-7f6578000000 ---p 00000000 00:00 0 
7f6578004000-7f6578009000 r--p 00000000 00:20 1596437                    /usr/lib64/libnss_myhostname.so.2
7f6578009000-7f6578019000 r-xp 00005000 00:20 1596437                    /usr/lib64/libnss_myhostname.so.2
7f6578019000-7f6578025000 r--p 00015000 00:20 1596437                    /usr/lib64/libnss_myhostname.so.2
7f6578025000-7f6578026000 ---p 00021000 00:20 1596437                    /usr/lib64/libnss_myhostname.so.2
7f6578026000-7f657802b000 r--p 00021000 00:20 1596437                    /usr/lib64/libnss_myhostname.so.2
7f657802b000-7f657802c000 rw-p 00026000 00:20 1596437                    /usr/lib64/libnss_myhostname.so.2
7f6578035000-7f657803c000 r--s 00000000 00:20 985692                     /usr/lib64/gconv/gconv-modules.cache
7f657803c000-7f657803d000 r--p 00000000 00:20 1425463                    /home/xiongxin/.vscode/extensions/redhat.java-1.17.0-linux-x64/jre/17.0.6-linux-x86_64/lib/libextnet.so
7f657803d000-7f657803e000 r-xp 00001000 00:20 1425463                    /home/xiongxin/.vscode/extensions/redhat.java-1.17.0-linux-x64/jre/17.0.6-linux-x86_64/lib/libextnet.so
7f657803e000-7f657803f000 r--p 00002000 00:20 1425463                    /home/xiongxin/.vscode/extensions/redhat.java-1.17.0-linux-x64/jre/17.0.6-linux-x86_64/lib/libextnet.so
7f657803f000-7f6578040000 r--p 00002000 00:20 1425463                    /home/xiongxin/.vscode/extensions/redhat.java-1.17.0-linux-x64/jre/17.0.6-linux-x86_64/lib/libextnet.so
7f6578040000-7f6578041000 rw-p 00003000 00:20 1425463                    /home/xiongxin/.vscode/extensions/redhat.java-1.17.0-linux-x64/jre/17.0.6-linux-x86_64/lib/libextnet.so
7f6578041000-7f6578043000 r--p 00000000 00:20 1425498                    /home/xiongxin/.vscode/extensions/redhat.java-1.17.0-linux-x64/jre/17.0.6-linux-x86_64/lib/libmanagement_ext.so
7f6578043000-7f6578046000 r-xp 00002000 00:20 1425498                    /home/xiongxin/.vscode/extensions/redhat.java-1.17.0-linux-x64/jre/17.0.6-linux-x86_64/lib/libmanagement_ext.so
7f6578046000-7f6578047000 r--p 00005000 00:20 1425498                    /home/xiongxin/.vscode/extensions/redhat.java-1.17.0-linux-x64/jre/17.0.6-linux-x86_64/lib/libmanagement_ext.so
7f6578047000-7f6578048000 ---p 00006000 00:20 1425498                    /home/xiongxin/.vscode/extensions/redhat.java-1.17.0-linux-x64/jre/17.0.6-linux-x86_64/lib/libmanagement_ext.so
7f6578048000-7f6578049000 r--p 00006000 00:20 1425498                    /home/xiongxin/.vscode/extensions/redhat.java-1.17.0-linux-x64/jre/17.0.6-linux-x86_64/lib/libmanagement_ext.so
7f6578049000-7f657804a000 rw-p 00007000 00:20 1425498                    /home/xiongxin/.vscode/extensions/redhat.java-1.17.0-linux-x64/jre/17.0.6-linux-x86_64/lib/libmanagement_ext.so
7f657804a000-7f657804d000 r--p 00000000 00:20 1425499                    /home/xiongxin/.vscode/extensions/redhat.java-1.17.0-linux-x64/jre/17.0.6-linux-x86_64/lib/libmanagement.so
7f657804d000-7f657804e000 r-xp 00003000 00:20 1425499                    /home/xiongxin/.vscode/extensions/redhat.java-1.17.0-linux-x64/jre/17.0.6-linux-x86_64/lib/libmanagement.so
7f657804e000-7f657804f000 r--p 00004000 00:20 1425499                    /home/xiongxin/.vscode/extensions/redhat.java-1.17.0-linux-x64/jre/17.0.6-linux-x86_64/lib/libmanagement.so
7f657804f000-7f6578050000 r--p 00004000 00:20 1425499                    /home/xiongxin/.vscode/extensions/redhat.java-1.17.0-linux-x64/jre/17.0.6-linux-x86_64/lib/libmanagement.so
7f6578050000-7f6578051000 rw-p 00005000 00:20 1425499                    /home/xiongxin/.vscode/extensions/redhat.java-1.17.0-linux-x64/jre/17.0.6-linux-x86_64/lib/libmanagement.so
7f6578051000-7f6578055000 ---p 00000000 00:00 0 
7f6578055000-7f6578073000 rw-p 00000000 00:00 0 
7f6578073000-7f6578077000 r--p 00000000 00:20 1425509                    /home/xiongxin/.vscode/extensions/redhat.java-1.17.0-linux-x64/jre/17.0.6-linux-x86_64/lib/libverify.so
7f6578077000-7f657807e000 r-xp 00004000 00:20 1425509                    /home/xiongxin/.vscode/extensions/redhat.java-1.17.0-linux-x64/jre/17.0.6-linux-x86_64/lib/libverify.so
7f657807e000-7f6578080000 r--p 0000b000 00:20 1425509                    /home/xiongxin/.vscode/extensions/redhat.java-1.17.0-linux-x64/jre/17.0.6-linux-x86_64/lib/libverify.so
7f6578080000-7f6578082000 r--p 0000c000 00:20 1425509                    /home/xiongxin/.vscode/extensions/redhat.java-1.17.0-linux-x64/jre/17.0.6-linux-x86_64/lib/libverify.so
7f6578082000-7f6578083000 rw-p 0000e000 00:20 1425509                    /home/xiongxin/.vscode/extensions/redhat.java-1.17.0-linux-x64/jre/17.0.6-linux-x86_64/lib/libverify.so
7f6578083000-7f6578087000 r--p 00000000 00:20 1425501                    /home/xiongxin/.vscode/extensions/redhat.java-1.17.0-linux-x64/jre/17.0.6-linux-x86_64/lib/libnet.so
7f6578087000-7f6578095000 r-xp 00004000 00:20 1425501                    /home/xiongxin/.vscode/extensions/redhat.java-1.17.0-linux-x64/jre/17.0.6-linux-x86_64/lib/libnet.so
7f6578095000-7f6578099000 r--p 00012000 00:20 1425501                    /home/xiongxin/.vscode/extensions/redhat.java-1.17.0-linux-x64/jre/17.0.6-linux-x86_64/lib/libnet.so
7f6578099000-7f657809a000 r--p 00015000 00:20 1425501                    /home/xiongxin/.vscode/extensions/redhat.java-1.17.0-linux-x64/jre/17.0.6-linux-x86_64/lib/libnet.so
7f657809a000-7f657809b000 rw-p 00016000 00:20 1425501                    /home/xiongxin/.vscode/extensions/redhat.java-1.17.0-linux-x64/jre/17.0.6-linux-x86_64/lib/libnet.so
7f657809b000-7f65780a2000 r--p 00000000 00:20 1425502                    /home/xiongxin/.vscode/extensions/redhat.java-1.17.0-linux-x64/jre/17.0.6-linux-x86_64/lib/libnio.so
7f65780a2000-7f65780ab000 r-xp 00007000 00:20 1425502                    /home/xiongxin/.vscode/extensions/redhat.java-1.17.0-linux-x64/jre/17.0.6-linux-x86_64/lib/libnio.so
7f65780ab000-7f65780af000 r--p 00010000 00:20 1425502                    /home/xiongxin/.vscode/extensions/redhat.java-1.17.0-linux-x64/jre/17.0.6-linux-x86_64/lib/libnio.so
7f65780af000-7f65780b0000 ---p 00014000 00:20 1425502                    /home/xiongxin/.vscode/extensions/redhat.java-1.17.0-linux-x64/jre/17.0.6-linux-x86_64/lib/libnio.so
7f65780b0000-7f65780b1000 r--p 00014000 00:20 1425502                    /home/xiongxin/.vscode/extensions/redhat.java-1.17.0-linux-x64/jre/17.0.6-linux-x86_64/lib/libnio.so
7f65780b1000-7f65780b2000 rw-p 00015000 00:20 1425502                    /home/xiongxin/.vscode/extensions/redhat.java-1.17.0-linux-x64/jre/17.0.6-linux-x86_64/lib/libnio.so
7f65780b2000-7f6578670000 rw-p 00000000 00:00 0 
7f6578670000-7f6578727000 ---p 00000000 00:00 0 
7f6578727000-7f6578728000 ---p 00000000 00:00 0 
7f6578728000-7f65788c8000 rw-p 00000000 00:00 0 
7f65788c8000-7f657897e000 ---p 00000000 00:00 0 
7f657897e000-7f6578988000 rw-p 00000000 00:00 0 
7f6578988000-7f6578a29000 ---p 00000000 00:00 0 
7f6578a29000-7f6578a32000 rw-p 00000000 00:00 0 
7f6578a32000-7f6578b15000 ---p 00000000 00:00 0 
7f6578b15000-7f6578b2b000 rw-p 00000000 00:00 0 
7f6578b2b000-7f6578c00000 ---p 00000000 00:00 0 
7f6578c00000-7f657b814000 r--s 00000000 00:20 1425514                    /home/xiongxin/.vscode/extensions/redhat.java-1.17.0-linux-x64/jre/17.0.6-linux-x86_64/lib/modules
7f657b816000-7f657b818000 r--p 00000000 00:20 1425511                    /home/xiongxin/.vscode/extensions/redhat.java-1.17.0-linux-x64/jre/17.0.6-linux-x86_64/lib/libzip.so
7f657b818000-7f657b81c000 r-xp 00002000 00:20 1425511                    /home/xiongxin/.vscode/extensions/redhat.java-1.17.0-linux-x64/jre/17.0.6-linux-x86_64/lib/libzip.so
7f657b81c000-7f657b81e000 r--p 00006000 00:20 1425511                    /home/xiongxin/.vscode/extensions/redhat.java-1.17.0-linux-x64/jre/17.0.6-linux-x86_64/lib/libzip.so
7f657b81e000-7f657b81f000 r--p 00007000 00:20 1425511                    /home/xiongxin/.vscode/extensions/redhat.java-1.17.0-linux-x64/jre/17.0.6-linux-x86_64/lib/libzip.so
7f657b81f000-7f657b820000 rw-p 00008000 00:20 1425511                    /home/xiongxin/.vscode/extensions/redhat.java-1.17.0-linux-x64/jre/17.0.6-linux-x86_64/lib/libzip.so
7f657b820000-7f657b824000 ---p 00000000 00:00 0 
7f657b824000-7f657b920000 rw-p 00000000 00:00 0 
7f657b920000-7f657b930000 r--p 00000000 00:20 937181                     /usr/lib64/libm.so.6
7f657b930000-7f657b9a4000 r-xp 00010000 00:20 937181                     /usr/lib64/libm.so.6
7f657b9a4000-7f657b9fe000 r--p 00084000 00:20 937181                     /usr/lib64/libm.so.6
7f657b9fe000-7f657b9ff000 r--p 000dd000 00:20 937181                     /usr/lib64/libm.so.6
7f657b9ff000-7f657ba00000 rw-p 000de000 00:20 937181                     /usr/lib64/libm.so.6
7f657ba00000-7f657bc52000 r--p 00000000 00:20 1425725                    /home/xiongxin/.vscode/extensions/redhat.java-1.17.0-linux-x64/jre/17.0.6-linux-x86_64/lib/server/libjvm.so
7f657bc52000-7f657c96f000 r-xp 00252000 00:20 1425725                    /home/xiongxin/.vscode/extensions/redhat.java-1.17.0-linux-x64/jre/17.0.6-linux-x86_64/lib/server/libjvm.so
7f657c96f000-7f657cbfb000 r--p 00f6f000 00:20 1425725                    /home/xiongxin/.vscode/extensions/redhat.java-1.17.0-linux-x64/jre/17.0.6-linux-x86_64/lib/server/libjvm.so
7f657cbfb000-7f657ccb4000 r--p 011fa000 00:20 1425725                    /home/xiongxin/.vscode/extensions/redhat.java-1.17.0-linux-x64/jre/17.0.6-linux-x86_64/lib/server/libjvm.so
7f657ccb4000-7f657cce9000 rw-p 012b3000 00:20 1425725                    /home/xiongxin/.vscode/extensions/redhat.java-1.17.0-linux-x64/jre/17.0.6-linux-x86_64/lib/server/libjvm.so
7f657cce9000-7f657cd43000 rw-p 00000000 00:00 0 
7f657cd47000-7f657cd60000 rw-p 00000000 00:00 0 
7f657cd60000-7f657cd67000 ---p 00000000 00:00 0 
7f657cd67000-7f657cd6f000 rw-s 00000000 00:26 10424                      /tmp/hsperfdata_xiongxin/330966
7f657cd6f000-7f657cd7c000 r--p 00000000 00:20 1425484                    /home/xiongxin/.vscode/extensions/redhat.java-1.17.0-linux-x64/jre/17.0.6-linux-x86_64/lib/libjava.so
7f657cd7c000-7f657cd8e000 r-xp 0000d000 00:20 1425484                    /home/xiongxin/.vscode/extensions/redhat.java-1.17.0-linux-x64/jre/17.0.6-linux-x86_64/lib/libjava.so
7f657cd8e000-7f657cd94000 r--p 0001f000 00:20 1425484                    /home/xiongxin/.vscode/extensions/redhat.java-1.17.0-linux-x64/jre/17.0.6-linux-x86_64/lib/libjava.so
7f657cd94000-7f657cd95000 ---p 00025000 00:20 1425484                    /home/xiongxin/.vscode/extensions/redhat.java-1.17.0-linux-x64/jre/17.0.6-linux-x86_64/lib/libjava.so
7f657cd95000-7f657cd96000 r--p 00025000 00:20 1425484                    /home/xiongxin/.vscode/extensions/redhat.java-1.17.0-linux-x64/jre/17.0.6-linux-x86_64/lib/libjava.so
7f657cd96000-7f657cd97000 rw-p 00026000 00:20 1425484                    /home/xiongxin/.vscode/extensions/redhat.java-1.17.0-linux-x64/jre/17.0.6-linux-x86_64/lib/libjava.so
7f657cd97000-7f657cd98000 rw-p 00000000 00:00 0 
7f657cd98000-7f657cd9c000 r--p 00000000 00:20 1425491                    /home/xiongxin/.vscode/extensions/redhat.java-1.17.0-linux-x64/jre/17.0.6-linux-x86_64/lib/libjimage.so
7f657cd9c000-7f657cdaf000 r-xp 00004000 00:20 1425491                    /home/xiongxin/.vscode/extensions/redhat.java-1.17.0-linux-x64/jre/17.0.6-linux-x86_64/lib/libjimage.so
7f657cdaf000-7f657cdb5000 r--p 00017000 00:20 1425491                    /home/xiongxin/.vscode/extensions/redhat.java-1.17.0-linux-x64/jre/17.0.6-linux-x86_64/lib/libjimage.so
7f657cdb5000-7f657cdb7000 r--p 0001c000 00:20 1425491                    /home/xiongxin/.vscode/extensions/redhat.java-1.17.0-linux-x64/jre/17.0.6-linux-x86_64/lib/libjimage.so
7f657cdb7000-7f657cdb8000 rw-p 0001e000 00:20 1425491                    /home/xiongxin/.vscode/extensions/redhat.java-1.17.0-linux-x64/jre/17.0.6-linux-x86_64/lib/libjimage.so
7f657cdb8000-7f657cdb9000 r--p 00000000 00:20 937188                     /usr/lib64/librt.so.1
7f657cdb9000-7f657cdba000 r-xp 00001000 00:20 937188                     /usr/lib64/librt.so.1
7f657cdba000-7f657cdbb000 r--p 00002000 00:20 937188                     /usr/lib64/librt.so.1
7f657cdbb000-7f657cdbc000 r--p 00002000 00:20 937188                     /usr/lib64/librt.so.1
7f657cdbc000-7f657cdbd000 rw-p 00003000 00:20 937188                     /usr/lib64/librt.so.1
7f657cdbd000-7f657cdc1000 rw-p 00000000 00:00 0 
7f657cdc1000-7f657cde7000 r--p 00000000 00:20 937178                     /usr/lib64/libc.so.6
7f657cde7000-7f657cf3d000 r-xp 00026000 00:20 937178                     /usr/lib64/libc.so.6
7f657cf3d000-7f657cf90000 r--p 0017c000 00:20 937178                     /usr/lib64/libc.so.6
7f657cf90000-7f657cf94000 r--p 001ce000 00:20 937178                     /usr/lib64/libc.so.6
7f657cf94000-7f657cf96000 rw-p 001d2000 00:20 937178                     /usr/lib64/libc.so.6
7f657cf96000-7f657cf9e000 rw-p 00000000 00:00 0 
7f657cf9e000-7f657cf9f000 r--p 00000000 00:20 937180                     /usr/lib64/libdl.so.2
7f657cf9f000-7f657cfa0000 r-xp 00001000 00:20 937180                     /usr/lib64/libdl.so.2
7f657cfa0000-7f657cfa1000 r--p 00002000 00:20 937180                     /usr/lib64/libdl.so.2
7f657cfa1000-7f657cfa2000 r--p 00002000 00:20 937180                     /usr/lib64/libdl.so.2
7f657cfa2000-7f657cfa3000 rw-p 00003000 00:20 937180                     /usr/lib64/libdl.so.2
7f657cfa3000-7f657cfa4000 r--p 00000000 00:20 937186                     /usr/lib64/libpthread.so.0
7f657cfa4000-7f657cfa5000 r-xp 00001000 00:20 937186                     /usr/lib64/libpthread.so.0
7f657cfa5000-7f657cfa6000 r--p 00002000 00:20 937186                     /usr/lib64/libpthread.so.0
7f657cfa6000-7f657cfa7000 r--p 00002000 00:20 937186                     /usr/lib64/libpthread.so.0
7f657cfa7000-7f657cfa8000 rw-p 00003000 00:20 937186                     /usr/lib64/libpthread.so.0
7f657cfa8000-7f657cfab000 r--p 00000000 00:20 1425493                    /home/xiongxin/.vscode/extensions/redhat.java-1.17.0-linux-x64/jre/17.0.6-linux-x86_64/lib/libjli.so
7f657cfab000-7f657cfb5000 r-xp 00003000 00:20 1425493                    /home/xiongxin/.vscode/extensions/redhat.java-1.17.0-linux-x64/jre/17.0.6-linux-x86_64/lib/libjli.so
7f657cfb5000-7f657cfb8000 r--p 0000d000 00:20 1425493                    /home/xiongxin/.vscode/extensions/redhat.java-1.17.0-linux-x64/jre/17.0.6-linux-x86_64/lib/libjli.so
7f657cfb8000-7f657cfb9000 ---p 00010000 00:20 1425493                    /home/xiongxin/.vscode/extensions/redhat.java-1.17.0-linux-x64/jre/17.0.6-linux-x86_64/lib/libjli.so
7f657cfb9000-7f657cfba000 r--p 00010000 00:20 1425493                    /home/xiongxin/.vscode/extensions/redhat.java-1.17.0-linux-x64/jre/17.0.6-linux-x86_64/lib/libjli.so
7f657cfba000-7f657cfbb000 rw-p 00011000 00:20 1425493                    /home/xiongxin/.vscode/extensions/redhat.java-1.17.0-linux-x64/jre/17.0.6-linux-x86_64/lib/libjli.so
7f657cfbb000-7f657cfbe000 r--p 00000000 00:20 33968                      /usr/lib64/libz.so.1.2.12
7f657cfbe000-7f657cfcc000 r-xp 00003000 00:20 33968                      /usr/lib64/libz.so.1.2.12
7f657cfcc000-7f657cfd3000 r--p 00011000 00:20 33968                      /usr/lib64/libz.so.1.2.12
7f657cfd3000-7f657cfd4000 r--p 00017000 00:20 33968                      /usr/lib64/libz.so.1.2.12
7f657cfd4000-7f657cfd5000 rw-p 00000000 00:00 0 
7f657cfd5000-7f657cfd6000 r--p 00000000 00:20 33504                      /usr/lib64/libnss_mdns4_minimal.so.2
7f657cfd6000-7f657cfd8000 r-xp 00001000 00:20 33504                      /usr/lib64/libnss_mdns4_minimal.so.2
7f657cfd8000-7f657cfd9000 r--p 00003000 00:20 33504                      /usr/lib64/libnss_mdns4_minimal.so.2
7f657cfd9000-7f657cfda000 r--p 00003000 00:20 33504                      /usr/lib64/libnss_mdns4_minimal.so.2
7f657cfda000-7f657cfdb000 rw-p 00000000 00:00 0 
7f657cfdb000-7f657cfdd000 r--p 00000000 00:20 1425477                    /home/xiongxin/.vscode/extensions/redhat.java-1.17.0-linux-x64/jre/17.0.6-linux-x86_64/lib/libinstrument.so
7f657cfdd000-7f657cfe3000 r-xp 00002000 00:20 1425477                    /home/xiongxin/.vscode/extensions/redhat.java-1.17.0-linux-x64/jre/17.0.6-linux-x86_64/lib/libinstrument.so
7f657cfe3000-7f657cfe6000 r--p 00008000 00:20 1425477                    /home/xiongxin/.vscode/extensions/redhat.java-1.17.0-linux-x64/jre/17.0.6-linux-x86_64/lib/libinstrument.so
7f657cfe6000-7f657cfe7000 r--p 0000a000 00:20 1425477                    /home/xiongxin/.vscode/extensions/redhat.java-1.17.0-linux-x64/jre/17.0.6-linux-x86_64/lib/libinstrument.so
7f657cfe7000-7f657cfe8000 rw-p 0000b000 00:20 1425477                    /home/xiongxin/.vscode/extensions/redhat.java-1.17.0-linux-x64/jre/17.0.6-linux-x86_64/lib/libinstrument.so
7f657cfe8000-7f657cfe9000 ---p 00000000 00:00 0 
7f657cfe9000-7f657cfea000 r--p 00000000 00:00 0 
7f657cfea000-7f657cfec000 rw-p 00000000 00:00 0 
7f657cfec000-7f657cfed000 r--p 00000000 00:20 937175                     /usr/lib64/ld-linux-x86-64.so.2
7f657cfed000-7f657d014000 r-xp 00001000 00:20 937175                     /usr/lib64/ld-linux-x86-64.so.2
7f657d014000-7f657d01e000 r--p 00028000 00:20 937175                     /usr/lib64/ld-linux-x86-64.so.2
7f657d01e000-7f657d01f000 ---p 00000000 00:00 0 
7f657d01f000-7f657d021000 r--p 00032000 00:20 937175                     /usr/lib64/ld-linux-x86-64.so.2
7f657d021000-7f657d023000 rw-p 00034000 00:20 937175                     /usr/lib64/ld-linux-x86-64.so.2
7fff58d69000-7fff58d8b000 rw-p 00000000 00:00 0                          [stack]
7fff58de0000-7fff58de4000 r--p 00000000 00:00 0                          [vvar]
7fff58de4000-7fff58de6000 r-xp 00000000 00:00 0                          [vdso]
ffffffffff600000-ffffffffff601000 --xp 00000000 00:00 0                  [vsyscall]


VM Arguments:
jvm_args: --add-modules=ALL-SYSTEM --add-opens=java.base/java.util=ALL-UNNAMED --add-opens=java.base/java.lang=ALL-UNNAMED --add-opens=java.base/sun.nio.fs=ALL-UNNAMED -Declipse.application=org.eclipse.jdt.ls.core.id1 -Dosgi.bundles.defaultStartLevel=4 -Declipse.product=org.eclipse.jdt.ls.core.product -Djava.import.generatesMetadataFilesAtProjectRoot=false -Dfile.encoding=utf8 -XX:+UseParallelGC -XX:GCTimeRatio=4 -XX:AdaptiveSizePolicyWeight=90 -Dsun.zip.disableMemoryMapping=true -Xmx1G -Xms100m -Xlog:disable -javaagent:/home/xiongxin/.vscode/extensions/redhat.java-1.17.0-linux-x64/lombok/lombok-1.18.24.jar -XX:+HeapDumpOnOutOfMemoryError -XX:HeapDumpPath=/home/xiongxin/.config/Code/User/workspaceStorage/78628bc577497869d5224f7258448a48/redhat.java -Daether.dependencyCollector.impl=bf 
java_command: /home/xiongxin/.vscode/extensions/redhat.java-1.17.0-linux-x64/server/plugins/org.eclipse.equinox.launcher_1.6.400.v20210924-0641.jar -configuration /home/xiongxin/.config/Code/User/globalStorage/redhat.java/1.17.0/config_linux -data /home/xiongxin/.config/Code/User/workspaceStorage/78628bc577497869d5224f7258448a48/redhat.java/jdt_ws
java_class_path (initial): /home/xiongxin/.vscode/extensions/redhat.java-1.17.0-linux-x64/server/plugins/org.eclipse.equinox.launcher_1.6.400.v20210924-0641.jar
Launcher Type: SUN_STANDARD

[Global flags]
    uintx AdaptiveSizePolicyWeight                 = 90                                        {product} {command line}
     intx CICompilerCount                          = 4                                         {product} {ergonomic}
    uintx GCTimeRatio                              = 4                                         {product} {command line}
     bool HeapDumpOnOutOfMemoryError               = true                                   {manageable} {command line}
    ccstr HeapDumpPath                             = /home/xiongxin/.config/Code/User/workspaceStorage/78628bc577497869d5224f7258448a48/redhat.java         {manageable} {command line}
   size_t InitialHeapSize                          = 104857600                                 {product} {command line}
   size_t MaxHeapSize                              = 1073741824                                {product} {command line}
   size_t MaxNewSize                               = 357564416                                 {product} {ergonomic}
   size_t MinHeapDeltaBytes                        = 524288                                    {product} {ergonomic}
   size_t MinHeapSize                              = 104857600                                 {product} {command line}
   size_t NewSize                                  = 34603008                                  {product} {ergonomic}
    uintx NonNMethodCodeHeapSize                   = 5839372                                {pd product} {ergonomic}
    uintx NonProfiledCodeHeapSize                  = 122909434                              {pd product} {ergonomic}
   size_t OldSize                                  = 70254592                                  {product} {ergonomic}
    uintx ProfiledCodeHeapSize                     = 122909434                              {pd product} {ergonomic}
    uintx ReservedCodeCacheSize                    = 251658240                              {pd product} {ergonomic}
     bool SegmentedCodeCache                       = true                                      {product} {ergonomic}
   size_t SoftMaxHeapSize                          = 1073741824                             {manageable} {ergonomic}
     bool UseCompressedClassPointers               = true                           {product lp64_product} {ergonomic}
     bool UseCompressedOops                        = true                           {product lp64_product} {ergonomic}
     bool UseParallelGC                            = true                                      {product} {command line}

Logging:
Log output configuration:
 #0: stdout all=off uptime,level,tags
 #1: stderr all=off uptime,level,tags

Environment Variables:
PATH=/home/xiongxin/.tea/tea.xyz/v0.24.9/bin:/home/xiongxin/.opam/default/bin:/home/xiongxin/.deno/bin:/home/xiongxin/.cargo/bin:/usr/local/bin:/usr/local/sbin:/usr/bin:/usr/sbin:/home/xiongxin/.antigen/bundles/robbyrussell/oh-my-zsh/lib:/home/xiongxin/.antigen/bundles/zsh-users/zsh-syntax-highlighting:/home/xiongxin/.antigen/bundles/zsh-users/zsh-autosuggestions:/home/xiongxin/.antigen/bundles/zsh-users/zsh-completions:/home/xiongxin/.antigen/bundles/romkatv/powerlevel10k
USERNAME=xiongxin
SHELL=/usr/bin/zsh
DISPLAY=:0
LANG=en_US.UTF-8

Signal Handlers:
   SIGSEGV: crash_handler in libjvm.so, mask=11100100010111111101111111111110, flags=SA_RESTART|SA_SIGINFO
    SIGBUS: crash_handler in libjvm.so, mask=11100100010111111101111111111110, flags=SA_RESTART|SA_SIGINFO
    SIGFPE: crash_handler in libjvm.so, mask=11100100010111111101111111111110, flags=SA_RESTART|SA_SIGINFO
   SIGPIPE: javaSignalHandler in libjvm.so, mask=11100100010111111101111111111110, flags=SA_RESTART|SA_SIGINFO
   SIGXFSZ: javaSignalHandler in libjvm.so, mask=11100100010111111101111111111110, flags=SA_RESTART|SA_SIGINFO
    SIGILL: crash_handler in libjvm.so, mask=11100100010111111101111111111110, flags=SA_RESTART|SA_SIGINFO
   SIGUSR2: SR_handler in libjvm.so, mask=00000000000000000000000000000000, flags=SA_RESTART|SA_SIGINFO
    SIGHUP: UserHandler in libjvm.so, mask=11100100010111111101111111111110, flags=SA_RESTART|SA_SIGINFO
    SIGINT: UserHandler in libjvm.so, mask=11100100010111111101111111111110, flags=SA_RESTART|SA_SIGINFO
   SIGTERM: UserHandler in libjvm.so, mask=11100100010111111101111111111110, flags=SA_RESTART|SA_SIGINFO
   SIGQUIT: UserHandler in libjvm.so, mask=11100100010111111101111111111110, flags=SA_RESTART|SA_SIGINFO
   SIGTRAP: crash_handler in libjvm.so, mask=11100100010111111101111111111110, flags=SA_RESTART|SA_SIGINFO


---------------  S Y S T E M  ---------------

OS:
Fedora release 37 (Thirty Seven)
uname: Linux 6.2.9-200.fc37.x86_64 #1 SMP PREEMPT_DYNAMIC Thu Mar 30 22:31:57 UTC 2023 x86_64
OS uptime: 3 days 4:25 hours
libc: glibc 2.36 NPTL 2.36 
rlimit (soft/hard): STACK 8192k/infinity , CORE infinity/infinity , NPROC 62702/62702 , NOFILE 524288/524288 , AS infinity/infinity , CPU infinity/infinity , DATA infinity/infinity , FSIZE infinity/infinity , MEMLOCK 8192k/8192k
load average: 1.72 0.94 0.74

/proc/meminfo:
MemTotal:       16095840 kB
MemFree:         1479324 kB
MemAvailable:    9837868 kB
Buffers:           27020 kB
Cached:          9341952 kB
SwapCached:           96 kB
Active:          7906900 kB
Inactive:        5273260 kB
Active(anon):    4442184 kB
Inactive(anon):   175384 kB
Active(file):    3464716 kB
Inactive(file):  5097876 kB
Unevictable:      614528 kB
Mlocked:            5748 kB
SwapTotal:       8388604 kB
SwapFree:        8385788 kB
Zswap:                 0 kB
Zswapped:              0 kB
Dirty:              5960 kB
Writeback:             0 kB
AnonPages:       4425332 kB
Mapped:          1362880 kB
Shmem:            801460 kB
KReclaimable:     347736 kB
Slab:             570328 kB
SReclaimable:     347736 kB
SUnreclaim:       222592 kB
KernelStack:       24992 kB
PageTables:        66280 kB
SecPageTables:         0 kB
NFS_Unstable:          0 kB
Bounce:                0 kB
WritebackTmp:          0 kB
CommitLimit:    16436524 kB
Committed_AS:   16532876 kB
VmallocTotal:   34359738367 kB
VmallocUsed:       93128 kB
VmallocChunk:          0 kB
Percpu:             8128 kB
HardwareCorrupted:     0 kB
AnonHugePages:         0 kB
ShmemHugePages:        0 kB
ShmemPmdMapped:        0 kB
FileHugePages:         0 kB
FilePmdMapped:         0 kB
CmaTotal:              0 kB
CmaFree:               0 kB
HugePages_Total:       0
HugePages_Free:        0
HugePages_Rsvd:        0
HugePages_Surp:        0
Hugepagesize:       2048 kB
Hugetlb:               0 kB
DirectMap4k:      275212 kB
DirectMap2M:     6799360 kB
DirectMap1G:     9437184 kB

/sys/kernel/mm/transparent_hugepage/enabled: always [madvise] never
/sys/kernel/mm/transparent_hugepage/defrag (defrag/compaction efforts parameter): always defer defer+madvise [madvise] never

Process Memory:
Virtual Size: 5687792K (peak: 5742460K)
Resident Set Size: 672264K (peak: 681512K) (anon: 517768K, file: 154496K, shmem: 0K)
Swapped out: 0K
C-Heap outstanding allocations: 90127K, retained: 44184K
glibc malloc tunables: (default)

/proc/sys/kernel/threads-max (system-wide limit on the number of threads): 125404
/proc/sys/vm/max_map_count (maximum number of memory map areas a process may have): 65530
/proc/sys/kernel/pid_max (system-wide limit on number of process identifiers): 4194304

container (cgroup) information:
container_type: cgroupv2
cpu_cpuset_cpus: not supported
cpu_memory_nodes: not supported
active_processor_count: 8
cpu_quota: no quota
cpu_period: 100000
cpu_shares: 8192
memory_limit_in_bytes: unlimited
memory_and_swap_limit_in_bytes: unlimited
memory_soft_limit_in_bytes: unlimited
memory_usage_in_bytes: 1969100 k
memory_max_usage_in_bytes: not supported
memory_swap_current_in_bytes: unlimited
memory_swap_max_limit_in_bytes: unlimited
maximum number of tasks: 18810
current number of tasks: 304

Steal ticks since vm start: 0
Steal ticks percentage since vm start:  0.000

CPU: total 8 (initial active 8) (4 cores per cpu, 2 threads per core) family 6 model 142 stepping 10 microcode 0xf0, cx8, cmov, fxsr, ht, mmx, 3dnowpref, sse, sse2, sse3, ssse3, sse4.1, sse4.2, popcnt, lzcnt, tsc, tscinvbit, avx, avx2, aes, erms, clmul, bmi1, bmi2, adx, fma, vzeroupper, clflush, clflushopt
CPU Model and flags from /proc/cpuinfo:
model name	: Intel(R) Core(TM) i7-8550U CPU @ 1.80GHz
flags		: fpu vme de pse tsc msr pae mce cx8 apic sep mtrr pge mca cmov pat pse36 clflush dts acpi mmx fxsr sse sse2 ss ht tm pbe syscall nx pdpe1gb rdtscp lm constant_tsc art arch_perfmon pebs bts rep_good nopl xtopology nonstop_tsc cpuid aperfmperf pni pclmulqdq dtes64 monitor ds_cpl vmx est tm2 ssse3 sdbg fma cx16 xtpr pdcm pcid sse4_1 sse4_2 x2apic movbe popcnt tsc_deadline_timer aes xsave avx f16c rdrand lahf_lm abm 3dnowprefetch cpuid_fault epb invpcid_single pti ssbd ibrs ibpb stibp tpr_shadow vnmi flexpriority ept vpid ept_ad fsgsbase tsc_adjust sgx bmi1 avx2 smep bmi2 erms invpcid mpx rdseed adx smap clflushopt intel_pt xsaveopt xsavec xgetbv1 xsaves dtherm ida arat pln pts hwp hwp_notify hwp_act_window hwp_epp md_clear flush_l1d arch_capabilities

Online cpus: 0-7
Offline cpus: 
BIOS frequency limitation: <Not Available>
Frequency switch latency (ns): 0
Available cpu frequencies: <Not Available>
Current governor: powersave
Core performance/turbo boost: <Not Available>

Memory: 4k page, physical 16095840k(1479324k free), swap 8388604k(8385788k free)
Page Sizes: 4k

vm_info: OpenJDK 64-Bit Server VM (17.0.6+10) for linux-amd64 JRE (17.0.6+10), built on Jan 17 2023 00:00:00 by "temurin" with gcc 10.3.0

END.
