@!@!@STARTMSG 2262:0 @!@!@
TLC2 Version 2.18 of Day Month 20?? (rev: c553ff4)
@!@!@ENDMSG 2262 @!@!@
@!@!@STARTMSG 2187:0 @!@!@
Running breadth-first search Model-Checking with fp 71 and seed 2283894635269009158 with 4 workers on 8 cores with 1166MB heap and 2621MB offheap memory [pid: 67086] (Linux 6.6.8-100.fc38.x86_64 amd64, AdoptOpenJDK 14.0.1 x86_64, OffHeapDiskFPSet, DiskStateQueue).
@!@!@ENDMSG 2187 @!@!@
@!@!@STARTMSG 2220:0 @!@!@
Starting SANY...
@!@!@ENDMSG 2220 @!@!@
Parsing file /home/xiongxin/Data/Codes/playground/tla+/orchestrator.toolbox/Model_1/MC.tla
Parsing file /home/xiongxin/Data/Codes/playground/tla+/orchestrator.toolbox/Model_1/orchestrator.tla
Parsing file /home/xiongxin/Data/App/TLAToolbox-1.8.0-linux.gtk.x86_64/toolbox/plugins/org.lamport.tlatools_1.0.0.202312160604/tla2sany/StandardModules/TLC.tla
Parsing file /home/xiongxin/Data/App/TLAToolbox-1.8.0-linux.gtk.x86_64/toolbox/plugins/org.lamport.tlatools_1.0.0.202312160604/tla2sany/StandardModules/Integers.tla
Parsing file /home/xiongxin/Data/App/TLAToolbox-1.8.0-linux.gtk.x86_64/toolbox/plugins/org.lamport.tlatools_1.0.0.202312160604/tla2sany/StandardModules/FiniteSets.tla
Parsing file /home/xiongxin/Data/App/TLAToolbox-1.8.0-linux.gtk.x86_64/toolbox/plugins/org.lamport.tlatools_1.0.0.202312160604/tla2sany/StandardModules/Naturals.tla
Parsing file /home/xiongxin/Data/App/TLAToolbox-1.8.0-linux.gtk.x86_64/toolbox/plugins/org.lamport.tlatools_1.0.0.202312160604/tla2sany/StandardModules/Sequences.tla
Semantic processing of module Naturals
Semantic processing of module Integers
Semantic processing of module Sequences
Semantic processing of module FiniteSets
Semantic processing of module TLC
Semantic processing of module orchestrator
Semantic processing of module MC
@!@!@STARTMSG 2219:0 @!@!@
SANY finished.
@!@!@ENDMSG 2219 @!@!@
@!@!@STARTMSG 2185:0 @!@!@
Starting... (2024-01-04 20:37:23)
@!@!@ENDMSG 2185 @!@!@
@!@!@STARTMSG 2189:0 @!@!@
Computing initial states...
@!@!@ENDMSG 2189 @!@!@
@!@!@STARTMSG 2190:0 @!@!@
Finished computing initial states: 1 distinct state generated at 2024-01-04 20:37:24.
@!@!@ENDMSG 2190 @!@!@
@!@!@STARTMSG 2193:0 @!@!@
Model checking completed. No error has been found.
  Estimates of the probability that TLC did not check all reachable states
  because two distinct states had the same fingerprint:
  calculated (optimistic):  val = 3.3E-19
@!@!@ENDMSG 2193 @!@!@
@!@!@STARTMSG 2201:0 @!@!@
The coverage statistics at 2024-01-04 20:37:24
@!@!@ENDMSG 2201 @!@!@
@!@!@STARTMSG 2773:0 @!@!@
<Init line 35, col 1 to line 35, col 4 of module orchestrator>: 1:1
@!@!@ENDMSG 2773 @!@!@
@!@!@STARTMSG 2221:0 @!@!@
  line 36, col 9 to line 36, col 27 of module orchestrator: 1
@!@!@ENDMSG 2221 @!@!@
@!@!@STARTMSG 2772:0 @!@!@
<orchestrator line 38, col 1 to line 38, col 12 of module orchestrator (39 22 40 53)>: 0:2
@!@!@ENDMSG 2772 @!@!@
@!@!@STARTMSG 2221:0 @!@!@
  line 39, col 25 to line 39, col 39 of module orchestrator: 8
@!@!@ENDMSG 2221 @!@!@
@!@!@STARTMSG 2221:0 @!@!@
  |line 39, col 25 to line 39, col 25 of module orchestrator: 6
@!@!@ENDMSG 2221 @!@!@
@!@!@STARTMSG 2221:0 @!@!@
  |line 39, col 34 to line 39, col 39 of module orchestrator: 6
@!@!@ENDMSG 2221 @!@!@
@!@!@STARTMSG 2221:0 @!@!@
  line 40, col 25 to line 40, col 53 of module orchestrator: 2
@!@!@ENDMSG 2221 @!@!@
@!@!@STARTMSG 2221:0 @!@!@
  |line 40, col 36 to line 40, col 52 of module orchestrator: 2
@!@!@ENDMSG 2221 @!@!@
@!@!@STARTMSG 2221:0 @!@!@
  ||line 40, col 36 to line 40, col 41 of module orchestrator: 2
@!@!@ENDMSG 2221 @!@!@
@!@!@STARTMSG 2775:0 @!@!@
  ||line 40, col 50 to line 40, col 52 of module orchestrator: 2:4
@!@!@ENDMSG 2775 @!@!@
@!@!@STARTMSG 2221:0 @!@!@
  |||line 40, col 51 to line 40, col 51 of module orchestrator: 2
@!@!@ENDMSG 2221 @!@!@
@!@!@STARTMSG 2772:0 @!@!@
<orchestrator line 38, col 1 to line 38, col 12 of module orchestrator (41 22 43 46)>: 2:2
@!@!@ENDMSG 2772 @!@!@
@!@!@STARTMSG 2221:0 @!@!@
  line 41, col 25 to line 41, col 36 of module orchestrator: 8
@!@!@ENDMSG 2221 @!@!@
@!@!@STARTMSG 2221:0 @!@!@
  |line 41, col 25 to line 41, col 25 of module orchestrator: 6
@!@!@ENDMSG 2221 @!@!@
@!@!@STARTMSG 2221:0 @!@!@
  |line 41, col 31 to line 41, col 36 of module orchestrator: 6
@!@!@ENDMSG 2221 @!@!@
@!@!@STARTMSG 2221:0 @!@!@
  line 42, col 25 to line 42, col 47 of module orchestrator: 2
@!@!@ENDMSG 2221 @!@!@
@!@!@STARTMSG 2221:0 @!@!@
  |line 42, col 25 to line 42, col 43 of module orchestrator: 4
@!@!@ENDMSG 2221 @!@!@
@!@!@STARTMSG 2221:0 @!@!@
  line 43, col 25 to line 43, col 46 of module orchestrator: 2
@!@!@ENDMSG 2221 @!@!@
@!@!@STARTMSG 2202:0 @!@!@
End of statistics.
@!@!@ENDMSG 2202 @!@!@
@!@!@STARTMSG 2200:0 @!@!@
Progress(2) at 2024-01-04 20:37:24: 5 states generated (296 s/min), 3 distinct states found (177 ds/min), 0 states left on queue.
@!@!@ENDMSG 2200 @!@!@
@!@!@STARTMSG 2199:0 @!@!@
5 states generated, 3 distinct states found, 0 states left on queue.
@!@!@ENDMSG 2199 @!@!@
@!@!@STARTMSG 2194:0 @!@!@
The depth of the complete state graph search is 2.
@!@!@ENDMSG 2194 @!@!@
@!@!@STARTMSG 2268:0 @!@!@
The average outdegree of the complete state graph is 1 (minimum is 0, the maximum 2 and the 95th percentile is 2).
@!@!@ENDMSG 2268 @!@!@
@!@!@STARTMSG 2186:0 @!@!@
Finished in 1019ms at (2024-01-04 20:37:24)
@!@!@ENDMSG 2186 @!@!@
