@!@!@STARTMSG 2262:0 @!@!@
TLC2 Version 2.18 of Day Month 20?? (rev: c553ff4)
@!@!@ENDMSG 2262 @!@!@
@!@!@STARTMSG 2187:0 @!@!@
Running breadth-first search Model-Checking with fp 28 and seed -3720497198199396943 with 4 workers on 8 cores with 3495MB heap and 64MB offheap memory [pid: 61367] (Linux 6.6.8-100.fc38.x86_64 amd64, AdoptOpenJDK 14.0.1 x86_64, NoopFPSet, DiskStateQueue).
@!@!@ENDMSG 2187 @!@!@
@!@!@STARTMSG 2220:0 @!@!@
Starting SANY...
@!@!@ENDMSG 2220 @!@!@
Parsing file /home/xiongxin/Data/Codes/playground/tla+/scratch.toolbox/Model_1/MC.tla
Parsing file /home/xiongxin/Data/Codes/playground/tla+/scratch.toolbox/Model_1/scratch.tla
Parsing file /home/xiongxin/Data/App/TLAToolbox-1.8.0-linux.gtk.x86_64/toolbox/plugins/org.lamport.tlatools_1.0.0.202312160604/tla2sany/StandardModules/TLC.tla
Parsing file /home/xiongxin/Data/App/TLAToolbox-1.8.0-linux.gtk.x86_64/toolbox/plugins/org.lamport.tlatools_1.0.0.202312160604/tla2sany/StandardModules/Integers.tla
Parsing file /home/xiongxin/Data/App/TLAToolbox-1.8.0-linux.gtk.x86_64/toolbox/plugins/org.lamport.tlatools_1.0.0.202312160604/tla2sany/StandardModules/Sequences.tla
Parsing file /home/xiongxin/Data/App/TLAToolbox-1.8.0-linux.gtk.x86_64/toolbox/plugins/org.lamport.tlatools_1.0.0.202312160604/tla2sany/StandardModules/FiniteSets.tla
Parsing file /home/xiongxin/Data/App/TLAToolbox-1.8.0-linux.gtk.x86_64/toolbox/plugins/org.lamport.tlatools_1.0.0.202312160604/tla2sany/StandardModules/Naturals.tla
Semantic processing of module Naturals
Semantic processing of module Integers
Semantic processing of module Sequences
Semantic processing of module FiniteSets
Semantic processing of module scratch
Semantic processing of module TLC
Semantic processing of module MC
@!@!@STARTMSG 2219:0 @!@!@
SANY finished.
@!@!@ENDMSG 2219 @!@!@
@!@!@STARTMSG 2185:0 @!@!@
Starting... (2024-01-04 16:56:51)
@!@!@ENDMSG 2185 @!@!@
@!@!@STARTMSG 2105:1 @!@!@
Evaluating assumption line 10, col 8 to line 10, col 65 of module MC failed.
Attempted to apply the operator DOMAIN to a non-function
(a set of the form i..j)
line 6, col 1 to line 6, col 8 of module MC
@!@!@ENDMSG 2105 @!@!@
@!@!@STARTMSG 2186:0 @!@!@
Finished in 612ms at (2024-01-04 16:56:51)
@!@!@ENDMSG 2186 @!@!@
